{"src/modules/MetaTxModuleStandalone.sol":{"l":{"22":0,"32":0},"path":"src/modules/MetaTxModuleStandalone.sol","s":{"1":0,"2":0},"b":{},"f":{"1":0,"2":0,"3":0},"fnMap":{"1":{"name":"constructor","line":11,"loc":{"start":{"line":11,"column":4},"end":{"line":13,"column":4}}},"2":{"name":"_msgSender","line":15,"loc":{"start":{"line":15,"column":4},"end":{"line":23,"column":4}}},"3":{"name":"_msgData","line":25,"loc":{"start":{"line":25,"column":4},"end":{"line":33,"column":4}}}},"statementMap":{"1":{"start":{"line":22,"column":8},"end":{"line":22,"column":42}},"2":{"start":{"line":32,"column":8},"end":{"line":32,"column":40}}},"branchMap":{}},"src/RuleEngine.sol":{"l":{"33":0,"34":0,"35":0,"46":0,"47":0,"48":0,"52":0,"53":0,"54":0,"55":0,"56":0,"59":0,"67":0,"68":0,"77":0,"81":0,"82":0,"83":0,"84":0,"101":0,"102":0,"103":0,"105":0,"106":0,"107":0,"114":0,"122":0,"123":0,"124":0,"126":0,"127":0,"130":0,"139":0,"147":0,"162":0,"163":0,"168":0,"169":0,"171":0,"172":0,"175":0,"190":0,"201":0,"202":0,"203":0,"206":0,"207":0,"210":0,"222":0,"234":0},"path":"src/RuleEngine.sol","s":{"1":0,"2":0,"3":0,"4":0,"5":0,"6":0,"7":0,"8":0,"9":0,"10":0,"11":0,"12":0,"13":0,"14":0,"15":0,"16":0,"17":0,"18":0,"19":0,"20":0,"21":0,"22":0,"23":0,"24":0,"25":0,"26":0,"27":0,"28":0,"29":0,"30":0,"31":0,"32":0,"33":0,"34":0,"35":0,"36":0},"b":{"1":[0,0],"2":[0,0],"3":[0,0],"4":[0,0],"5":[0,0],"6":[0,0],"7":[0,0],"8":[0,0],"9":[0,0],"10":[0,0],"11":[0,0],"12":[0,0],"13":[0,0],"14":[0,0],"15":[0,0]},"f":{"1":0,"2":0,"3":0,"4":0,"5":0,"6":0,"7":0,"8":0,"9":0,"10":0,"11":0,"12":0,"13":0,"14":0},"fnMap":{"1":{"name":"constructor","line":32,"loc":{"start":{"line":29,"column":4},"end":{"line":36,"column":4}}},"2":{"name":"setRules","line":45,"loc":{"start":{"line":43,"column":4},"end":{"line":60,"column":4}}},"3":{"name":"clearRules","line":66,"loc":{"start":{"line":66,"column":4},"end":{"line":69,"column":4}}},"4":{"name":"addRule","line":76,"loc":{"start":{"line":76,"column":4},"end":{"line":85,"column":4}}},"5":{"name":"removeRule","line":100,"loc":{"start":{"line":97,"column":4},"end":{"line":108,"column":4}}},"6":{"name":"rulesCount","line":113,"loc":{"start":{"line":113,"column":4},"end":{"line":115,"column":4}}},"7":{"name":"getRuleIndex","line":121,"loc":{"start":{"line":121,"column":4},"end":{"line":131,"column":4}}},"8":{"name":"rule","line":138,"loc":{"start":{"line":138,"column":4},"end":{"line":140,"column":4}}},"9":{"name":"rules","line":146,"loc":{"start":{"line":146,"column":4},"end":{"line":148,"column":4}}},"10":{"name":"detectTransferRestriction","line":157,"loc":{"start":{"line":157,"column":4},"end":{"line":176,"column":4}}},"11":{"name":"validateTransfer","line":185,"loc":{"start":{"line":185,"column":4},"end":{"line":191,"column":4}}},"12":{"name":"messageForTransferRestriction","line":198,"loc":{"start":{"line":198,"column":4},"end":{"line":211,"column":4}}},"13":{"name":"_msgSender","line":216,"loc":{"start":{"line":216,"column":4},"end":{"line":223,"column":4}}},"14":{"name":"_msgData","line":228,"loc":{"start":{"line":228,"column":4},"end":{"line":235,"column":4}}}},"statementMap":{"1":{"start":{"line":33,"column":8},"end":{"line":33,"column":60}},"2":{"start":{"line":34,"column":8},"end":{"line":34,"column":44}},"3":{"start":{"line":35,"column":8},"end":{"line":35,"column":42}},"4":{"start":{"line":46,"column":8},"end":{"line":46,"column":56}},"5":{"start":{"line":47,"column":8},"end":{"line":47,"column":1735}},"6":{"start":{"line":48,"column":12},"end":{"line":48,"column":1794}},"7":{"start":{"line":52,"column":12},"end":{"line":52,"column":76}},"8":{"start":{"line":54,"column":12},"end":{"line":54,"column":35}},"9":{"start":{"line":67,"column":8},"end":{"line":67,"column":31}},"10":{"start":{"line":77,"column":8},"end":{"line":77,"column":2623}},"11":{"start":{"line":81,"column":8},"end":{"line":81,"column":68}},"12":{"start":{"line":82,"column":8},"end":{"line":82,"column":25}},"13":{"start":{"line":84,"column":8},"end":{"line":84,"column":27}},"14":{"start":{"line":101,"column":8},"end":{"line":101,"column":62}},"15":{"start":{"line":102,"column":8},"end":{"line":102,"column":3483}},"16":{"start":{"line":105,"column":8},"end":{"line":105,"column":19}},"17":{"start":{"line":107,"column":8},"end":{"line":107,"column":30}},"18":{"start":{"line":114,"column":8},"end":{"line":114,"column":28}},"19":{"start":{"line":122,"column":8},"end":{"line":122,"column":4075}},"20":{"start":{"line":123,"column":12},"end":{"line":123,"column":4134}},"21":{"start":{"line":124,"column":16},"end":{"line":124,"column":28}},"22":{"start":{"line":130,"column":8},"end":{"line":130,"column":28}},"23":{"start":{"line":139,"column":8},"end":{"line":139,"column":29}},"24":{"start":{"line":147,"column":8},"end":{"line":147,"column":21}},"25":{"start":{"line":162,"column":8},"end":{"line":162,"column":5196}},"26":{"start":{"line":163,"column":12},"end":{"line":163,"column":5256}},"27":{"start":{"line":168,"column":12},"end":{"line":168,"column":5407}},"28":{"start":{"line":169,"column":16},"end":{"line":169,"column":34}},"29":{"start":{"line":175,"column":8},"end":{"line":175,"column":52}},"30":{"start":{"line":190,"column":8},"end":{"line":190,"column":102}},"31":{"start":{"line":201,"column":8},"end":{"line":201,"column":6417}},"32":{"start":{"line":202,"column":12},"end":{"line":202,"column":6476}},"33":{"start":{"line":203,"column":16},"end":{"line":203,"column":6625}},"34":{"start":{"line":210,"column":8},"end":{"line":210,"column":41}},"35":{"start":{"line":222,"column":8},"end":{"line":222,"column":50}},"36":{"start":{"line":234,"column":8},"end":{"line":234,"column":48}}},"branchMap":{"1":{"line":33,"type":"if","locations":[{"start":{"line":33,"column":8},"end":{"line":33,"column":8}},{"start":{"line":33,"column":8},"end":{"line":33,"column":8}}]},"2":{"line":45,"type":"if","locations":[{"start":{"line":45,"column":24},"end":{"line":45,"column":24}},{"start":{"line":45,"column":24},"end":{"line":45,"column":24}}]},"3":{"line":46,"type":"if","locations":[{"start":{"line":46,"column":8},"end":{"line":46,"column":8}},{"start":{"line":46,"column":8},"end":{"line":46,"column":8}}]},"4":{"line":48,"type":"if","locations":[{"start":{"line":48,"column":12},"end":{"line":48,"column":12}},{"start":{"line":48,"column":12},"end":{"line":48,"column":12}}]},"5":{"line":52,"type":"if","locations":[{"start":{"line":52,"column":12},"end":{"line":52,"column":12}},{"start":{"line":52,"column":12},"end":{"line":52,"column":12}}]},"6":{"line":66,"type":"if","locations":[{"start":{"line":66,"column":33},"end":{"line":66,"column":33}},{"start":{"line":66,"column":33},"end":{"line":66,"column":33}}]},"7":{"line":76,"type":"if","locations":[{"start":{"line":76,"column":41},"end":{"line":76,"column":41}},{"start":{"line":76,"column":41},"end":{"line":76,"column":41}}]},"8":{"line":77,"type":"if","locations":[{"start":{"line":77,"column":8},"end":{"line":77,"column":8}},{"start":{"line":77,"column":8},"end":{"line":77,"column":8}}]},"9":{"line":81,"type":"if","locations":[{"start":{"line":81,"column":8},"end":{"line":81,"column":8}},{"start":{"line":81,"column":8},"end":{"line":81,"column":8}}]},"10":{"line":100,"type":"if","locations":[{"start":{"line":100,"column":13},"end":{"line":100,"column":13}},{"start":{"line":100,"column":13},"end":{"line":100,"column":13}}]},"11":{"line":101,"type":"if","locations":[{"start":{"line":101,"column":8},"end":{"line":101,"column":8}},{"start":{"line":101,"column":8},"end":{"line":101,"column":8}}]},"12":{"line":102,"type":"if","locations":[{"start":{"line":102,"column":8},"end":{"line":102,"column":8}},{"start":{"line":102,"column":8},"end":{"line":102,"column":8}}]},"13":{"line":123,"type":"if","locations":[{"start":{"line":123,"column":12},"end":{"line":123,"column":12}},{"start":{"line":123,"column":12},"end":{"line":123,"column":12}}]},"14":{"line":168,"type":"if","locations":[{"start":{"line":168,"column":12},"end":{"line":168,"column":12}},{"start":{"line":168,"column":12},"end":{"line":168,"column":12}}]},"15":{"line":202,"type":"if","locations":[{"start":{"line":202,"column":12},"end":{"line":202,"column":12}},{"start":{"line":202,"column":12},"end":{"line":202,"column":12}}]}}},"src/RuleWhitelist.sol":{"l":{"39":0,"40":0,"41":0,"52":0,"53":0,"54":0,"55":0,"56":0,"58":0,"59":0,"62":0,"74":0,"75":0,"76":0,"77":0,"78":0,"80":0,"81":0,"84":0,"95":0,"99":0,"100":0,"112":0,"116":0,"117":0,"126":0,"138":0,"153":0,"169":0,"170":0,"172":0,"174":0,"186":0,"199":0,"200":0,"202":0,"204":0,"217":0,"229":0},"path":"src/RuleWhitelist.sol","s":{"1":0,"2":0,"3":0,"4":0,"5":0,"6":0,"7":0,"8":0,"9":0,"10":0,"11":0,"12":0,"13":0,"14":0,"15":0,"16":0,"17":0,"18":0,"19":0,"20":0,"21":0,"22":0,"23":0,"24":0,"25":0,"26":0,"27":0},"b":{"1":[0,0],"2":[0,0],"3":[0,0],"4":[0,0],"5":[0,0],"6":[0,0],"7":[0,0],"8":[0,0],"9":[0,0],"10":[0,0],"11":[0,0],"12":[0,0],"13":[0,0],"14":[0,0]},"f":{"1":0,"2":0,"3":0,"4":0,"5":0,"6":0,"7":0,"8":0,"9":0,"10":0,"11":0,"12":0,"13":0},"fnMap":{"1":{"name":"constructor","line":38,"loc":{"start":{"line":35,"column":4},"end":{"line":42,"column":4}}},"2":{"name":"addAddressesToTheWhitelist","line":51,"loc":{"start":{"line":49,"column":4},"end":{"line":63,"column":4}}},"3":{"name":"removeAddressesFromTheWhitelist","line":73,"loc":{"start":{"line":71,"column":4},"end":{"line":85,"column":4}}},"4":{"name":"addAddressToTheWhitelist","line":94,"loc":{"start":{"line":92,"column":4},"end":{"line":101,"column":4}}},"5":{"name":"removeAddressFromTheWhitelist","line":111,"loc":{"start":{"line":109,"column":4},"end":{"line":118,"column":4}}},"6":{"name":"numberWhitelistedAddress","line":125,"loc":{"start":{"line":125,"column":4},"end":{"line":127,"column":4}}},"7":{"name":"addressIsWhitelisted","line":135,"loc":{"start":{"line":135,"column":4},"end":{"line":139,"column":4}}},"8":{"name":"validateTransfer","line":148,"loc":{"start":{"line":148,"column":4},"end":{"line":156,"column":4}}},"9":{"name":"detectTransferRestriction","line":164,"loc":{"start":{"line":164,"column":4},"end":{"line":176,"column":4}}},"10":{"name":"canReturnTransferRestrictionCode","line":183,"loc":{"start":{"line":183,"column":4},"end":{"line":189,"column":4}}},"11":{"name":"messageForTransferRestriction","line":196,"loc":{"start":{"line":196,"column":4},"end":{"line":206,"column":4}}},"12":{"name":"_msgSender","line":211,"loc":{"start":{"line":211,"column":4},"end":{"line":218,"column":4}}},"13":{"name":"_msgData","line":223,"loc":{"start":{"line":223,"column":4},"end":{"line":230,"column":4}}}},"statementMap":{"1":{"start":{"line":39,"column":8},"end":{"line":39,"column":60}},"2":{"start":{"line":40,"column":8},"end":{"line":40,"column":44}},"3":{"start":{"line":41,"column":8},"end":{"line":41,"column":40}},"4":{"start":{"line":52,"column":8},"end":{"line":52,"column":70}},"5":{"start":{"line":53,"column":8},"end":{"line":53,"column":1996}},"6":{"start":{"line":54,"column":12},"end":{"line":54,"column":2071}},"7":{"start":{"line":74,"column":8},"end":{"line":74,"column":70}},"8":{"start":{"line":75,"column":8},"end":{"line":75,"column":2876}},"9":{"start":{"line":76,"column":12},"end":{"line":76,"column":2951}},"10":{"start":{"line":95,"column":8},"end":{"line":95,"column":3582}},"11":{"start":{"line":112,"column":8},"end":{"line":112,"column":4152}},"12":{"start":{"line":126,"column":8},"end":{"line":126,"column":38}},"13":{"start":{"line":138,"column":8},"end":{"line":138,"column":40}},"14":{"start":{"line":153,"column":8},"end":{"line":153,"column":5390}},"15":{"start":{"line":169,"column":8},"end":{"line":169,"column":5866}},"16":{"start":{"line":170,"column":12},"end":{"line":170,"column":52}},"17":{"start":{"line":171,"column":15},"end":{"line":171,"column":5960}},"18":{"start":{"line":172,"column":12},"end":{"line":172,"column":50}},"19":{"start":{"line":174,"column":12},"end":{"line":174,"column":56}},"20":{"start":{"line":186,"column":8},"end":{"line":186,"column":6535}},"21":{"start":{"line":199,"column":8},"end":{"line":199,"column":6949}},"22":{"start":{"line":200,"column":12},"end":{"line":200,"column":52}},"23":{"start":{"line":201,"column":15},"end":{"line":201,"column":7079}},"24":{"start":{"line":202,"column":12},"end":{"line":202,"column":50}},"25":{"start":{"line":204,"column":12},"end":{"line":204,"column":38}},"26":{"start":{"line":217,"column":8},"end":{"line":217,"column":50}},"27":{"start":{"line":229,"column":8},"end":{"line":229,"column":48}}},"branchMap":{"1":{"line":39,"type":"if","locations":[{"start":{"line":39,"column":8},"end":{"line":39,"column":8}},{"start":{"line":39,"column":8},"end":{"line":39,"column":8}}]},"2":{"line":51,"type":"if","locations":[{"start":{"line":51,"column":13},"end":{"line":51,"column":13}},{"start":{"line":51,"column":13},"end":{"line":51,"column":13}}]},"3":{"line":54,"type":"if","locations":[{"start":{"line":54,"column":12},"end":{"line":54,"column":12}},{"start":{"line":54,"column":12},"end":{"line":54,"column":12}}]},"4":{"line":73,"type":"if","locations":[{"start":{"line":73,"column":13},"end":{"line":73,"column":13}},{"start":{"line":73,"column":13},"end":{"line":73,"column":13}}]},"5":{"line":76,"type":"if","locations":[{"start":{"line":76,"column":12},"end":{"line":76,"column":12}},{"start":{"line":76,"column":12},"end":{"line":76,"column":12}}]},"6":{"line":94,"type":"if","locations":[{"start":{"line":94,"column":13},"end":{"line":94,"column":13}},{"start":{"line":94,"column":13},"end":{"line":94,"column":13}}]},"7":{"line":95,"type":"if","locations":[{"start":{"line":95,"column":8},"end":{"line":95,"column":8}},{"start":{"line":95,"column":8},"end":{"line":95,"column":8}}]},"8":{"line":111,"type":"if","locations":[{"start":{"line":111,"column":13},"end":{"line":111,"column":13}},{"start":{"line":111,"column":13},"end":{"line":111,"column":13}}]},"9":{"line":112,"type":"if","locations":[{"start":{"line":112,"column":8},"end":{"line":112,"column":8}},{"start":{"line":112,"column":8},"end":{"line":112,"column":8}}]},"10":{"line":169,"type":"if","locations":[{"start":{"line":169,"column":8},"end":{"line":169,"column":8}},{"start":{"line":169,"column":8},"end":{"line":169,"column":8}}]},"11":{"line":171,"type":"if","locations":[{"start":{"line":171,"column":15},"end":{"line":171,"column":15}},{"start":{"line":171,"column":15},"end":{"line":171,"column":15}}]},"12":{"line":187,"type":"cond-expr","locations":[{"start":{"line":187,"column":12},"end":{"line":187,"column":64}},{"start":{"line":188,"column":12},"end":{"line":188,"column":62}}]},"13":{"line":199,"type":"if","locations":[{"start":{"line":199,"column":8},"end":{"line":199,"column":8}},{"start":{"line":199,"column":8},"end":{"line":199,"column":8}}]},"14":{"line":201,"type":"if","locations":[{"start":{"line":201,"column":15},"end":{"line":201,"column":15}},{"start":{"line":201,"column":15},"end":{"line":201,"column":15}}]}}}}