TN:
SF:src/RuleEngine.sol
DA:22,86
FN:22,RuleEngine.constructor
FNDA:86,RuleEngine.constructor
DA:27,86
BRDA:27,0,0,1
DA:28,1
DA:30,85
BRDA:30,1,0,15
DA:31,15
DA:33,85
DA:43,286
FN:43,RuleEngine._msgSender
FNDA:286,RuleEngine._msgSender
DA:50,286
DA:56,0
FN:56,RuleEngine._msgData
FNDA:0,RuleEngine._msgData
DA:63,0
DA:69,286
FN:69,RuleEngine._contextSuffixLength
FNDA:286,RuleEngine._contextSuffixLength
DA:76,286
FNF:4
FNH:3
LF:12
LH:10
BRF:2
BRH:2
end_of_record
TN:
SF:src/RuleEngineBase.sol
DA:31,3
FN:31,RuleEngineBase.transferred
FNDA:3,RuleEngineBase.transferred
DA:38,2
DA:43,9
FN:43,RuleEngineBase.transferred
FNDA:9,RuleEngineBase.transferred
DA:48,8
DA:52,2
FN:52,RuleEngineBase.created
FNDA:2,RuleEngineBase.created
DA:53,1
DA:57,2
FN:57,RuleEngineBase.destroyed
FNDA:2,RuleEngineBase.destroyed
DA:58,1
DA:71,21
FN:71,RuleEngineBase.detectTransferRestriction
FNDA:21,RuleEngineBase.detectTransferRestriction
DA:79,40
DA:80,40
DA:81,40
DA:83,40
BRDA:83,0,0,29
DA:84,29
DA:88,11
DA:91,11
FN:91,RuleEngineBase.detectTransferRestrictionFrom
FNDA:11,RuleEngineBase.detectTransferRestrictionFrom
DA:98,25
DA:99,25
DA:100,25
DA:102,25
BRDA:102,1,0,19
DA:103,19
DA:107,6
DA:117,19
FN:117,RuleEngineBase.canTransfer
FNDA:19,RuleEngineBase.canTransfer
DA:122,19
DA:123,19
DA:134,14
FN:134,RuleEngineBase.canTransferFrom
FNDA:14,RuleEngineBase.canTransferFrom
DA:140,14
DA:141,14
DA:150,13
FN:150,RuleEngineBase.messageForTransferRestriction
FNDA:13,RuleEngineBase.messageForTransferRestriction
DA:154,13
DA:155,13
DA:157,10
DA:159,8
BRDA:159,2,0,8
DA:160,8
DA:161,8
DA:165,5
DA:172,94
FN:172,RuleEngineBase.hasRole
FNDA:94,RuleEngineBase.hasRole
DA:177,279
BRDA:177,3,0,158
BRDA:177,3,1,121
DA:178,158
DA:180,121
FNF:10
FNH:10
LF:40
LH:40
BRF:5
BRH:5
end_of_record
TN:
SF:src/modules/ERC3643ComplianceModule.sol
DA:26,3
FN:26,ERC3643ComplianceModule.onlyBoundToken
FNDA:3,ERC3643ComplianceModule.onlyBoundToken
DA:27,3
BRDA:27,0,0,1
DA:28,1
DA:39,8
FN:39,ERC3643ComplianceModule.bindToken
FNDA:8,ERC3643ComplianceModule.bindToken
DA:40,8
DA:44,3
FN:44,ERC3643ComplianceModule.unbindToken
FNDA:3,ERC3643ComplianceModule.unbindToken
DA:45,3
DA:49,6
FN:49,ERC3643ComplianceModule.isTokenBound
FNDA:6,ERC3643ComplianceModule.isTokenBound
DA:50,6
DA:54,2
FN:54,ERC3643ComplianceModule.getTokenBound
FNDA:2,ERC3643ComplianceModule.getTokenBound
DA:55,2
BRDA:55,1,0,1
BRDA:55,1,1,1
DA:56,1
DA:58,1
DA:63,2
FN:63,ERC3643ComplianceModule.getTokenBounds
FNDA:2,ERC3643ComplianceModule.getTokenBounds
DA:64,2
DA:73,3
FN:73,ERC3643ComplianceModule._unbindToken
FNDA:3,ERC3643ComplianceModule._unbindToken
DA:74,3
BRDA:74,2,0,-
BRDA:74,2,1,3
DA:75,3
DA:77,3
DA:79,23
FN:79,ERC3643ComplianceModule._bindToken
FNDA:23,ERC3643ComplianceModule._bindToken
DA:80,23
BRDA:80,3,0,-
BRDA:80,3,1,23
DA:81,23
BRDA:81,4,0,-
BRDA:81,4,1,23
DA:82,23
DA:84,23
FNF:8
FNH:8
LF:24
LH:24
BRF:9
BRH:6
end_of_record
TN:
SF:src/modules/RulesManagementModule.sol
DA:36,34
FN:36,RulesManagementModule.setRules
FNDA:34,RulesManagementModule.setRules
DA:39,33
BRDA:39,0,0,2
DA:40,2
DA:42,31
BRDA:42,1,0,29
DA:43,29
DA:45,31
DA:46,49
DA:47,45
DA:48,45
DA:56,10
FN:56,RulesManagementModule.clearRules
FNDA:10,RulesManagementModule.clearRules
DA:57,9
DA:63,95
FN:63,RulesManagementModule.addRule
FNDA:95,RulesManagementModule.addRule
DA:66,94
DA:67,90
DA:68,90
DA:74,11
FN:74,RulesManagementModule.removeRule
FNDA:11,RulesManagementModule.removeRule
DA:77,10
BRDA:77,2,0,2
BRDA:77,2,1,8
DA:78,8
DA:86,115
FN:86,RulesManagementModule.rulesCount
FNDA:115,RulesManagementModule.rulesCount
DA:87,193
DA:93,35
FN:93,RulesManagementModule.containsRule
FNDA:35,RulesManagementModule.containsRule
DA:94,35
DA:101,2
FN:101,RulesManagementModule.rule
FNDA:2,RulesManagementModule.rule
DA:104,85
DA:110,10
FN:110,RulesManagementModule.rules
FNDA:10,RulesManagementModule.rules
DA:117,10
DA:127,38
FN:127,RulesManagementModule._clearRules
FNDA:38,RulesManagementModule._clearRules
DA:128,38
DA:129,38
DA:139,8
FN:139,RulesManagementModule._removeRule
FNDA:8,RulesManagementModule._removeRule
DA:140,8
DA:141,8
DA:147,143
FN:147,RulesManagementModule._checkRule
FNDA:143,RulesManagementModule._checkRule
DA:148,143
BRDA:148,3,0,4
DA:149,4
DA:151,139
BRDA:151,4,0,4
DA:152,4
DA:165,10
FN:165,RulesManagementModule._transferred
FNDA:10,RulesManagementModule._transferred
DA:170,10
DA:171,10
DA:172,7
DA:187,2
FN:187,RulesManagementModule._transferred
FNDA:2,RulesManagementModule._transferred
DA:193,2
DA:194,2
DA:195,2
FNF:13
FNH:13
LF:45
LH:45
BRF:6
BRH:6
end_of_record
TN:
SF:src/modules/VersionModule.sol
DA:21,1
FN:21,VersionModule.version
FNDA:1,VersionModule.version
DA:22,1
FNF:1
FNH:1
LF:2
LH:2
BRF:0
BRH:0
end_of_record
