TN:
SF:src/RuleEngine.sol
DA:37,85
FN:37,RuleEngine.constructor
FNDA:85,RuleEngine.constructor
DA:42,85
BRDA:42,0,0,1
DA:43,1
DA:45,84
BRDA:45,1,0,15
DA:46,15
DA:48,84
DA:55,3
FN:55,RuleEngine.transferred
FNDA:3,RuleEngine.transferred
DA:62,2
BRDA:62,2,0,1
BRDA:62,2,1,1
DA:65,1
DA:70,9
FN:70,RuleEngine.transferred
FNDA:9,RuleEngine.transferred
DA:75,8
DA:79,2
FN:79,RuleEngine.created
FNDA:2,RuleEngine.created
DA:80,1
DA:84,2
FN:84,RuleEngine.destroyed
FNDA:2,RuleEngine.destroyed
DA:85,1
DA:94,10
FN:94,RuleEngine._transferred
FNDA:10,RuleEngine._transferred
DA:100,10
BRDA:100,3,0,3
BRDA:100,3,1,7
DA:103,7
DA:114,13
FN:114,RuleEngine.detectTransferRestriction
FNDA:13,RuleEngine.detectTransferRestriction
DA:120,30
DA:125,30
BRDA:125,4,0,11
DA:126,11
DA:130,19
DA:131,19
DA:132,16
DA:134,16
BRDA:134,5,0,10
DA:135,10
DA:139,9
DA:142,9
FN:142,RuleEngine.detectTransferRestrictionFrom
FNDA:9,RuleEngine.detectTransferRestrictionFrom
DA:149,22
DA:154,22
BRDA:154,6,0,10
DA:155,10
DA:159,12
DA:160,12
DA:161,12
DA:163,12
BRDA:163,7,0,6
DA:164,6
DA:168,6
DA:178,17
FN:178,RuleEngine.canTransfer
FNDA:17,RuleEngine.canTransfer
DA:183,17
DA:184,17
DA:195,13
FN:195,RuleEngine.canTransferFrom
FNDA:13,RuleEngine.canTransferFrom
DA:201,13
DA:202,13
DA:211,13
FN:211,RuleEngine.messageForTransferRestriction
FNDA:13,RuleEngine.messageForTransferRestriction
DA:215,13
DA:216,13
DA:218,8
DA:220,7
BRDA:220,8,0,7
DA:221,7
DA:222,7
DA:227,6
DA:228,6
DA:230,2
DA:232,1
BRDA:232,9,0,1
DA:233,1
DA:234,1
DA:238,5
DA:245,93
FN:245,RuleEngine.hasRole
FNDA:93,RuleEngine.hasRole
DA:250,278
BRDA:250,10,0,158
BRDA:250,10,1,120
DA:251,158
DA:253,120
DA:264,285
FN:264,RuleEngine._msgSender
FNDA:285,RuleEngine._msgSender
DA:271,285
DA:277,0
FN:277,RuleEngine._msgData
FNDA:0,RuleEngine._msgData
DA:284,0
DA:290,285
FN:290,RuleEngine._contextSuffixLength
FNDA:285,RuleEngine._contextSuffixLength
DA:297,285
FNF:15
FNH:14
LF:68
LH:66
BRF:14
BRH:14
end_of_record
TN:
SF:src/modules/ERC3643Compliance.sol
DA:22,3
FN:22,ERC3643Compliance.onlyBoundToken
FNDA:3,ERC3643Compliance.onlyBoundToken
DA:23,3
BRDA:23,0,0,1
DA:24,1
DA:35,8
FN:35,ERC3643Compliance.bindToken
FNDA:8,ERC3643Compliance.bindToken
DA:36,8
DA:40,3
FN:40,ERC3643Compliance.unbindToken
FNDA:3,ERC3643Compliance.unbindToken
DA:41,3
DA:45,6
FN:45,ERC3643Compliance.isTokenBound
FNDA:6,ERC3643Compliance.isTokenBound
DA:46,6
DA:50,2
FN:50,ERC3643Compliance.getTokenBound
FNDA:2,ERC3643Compliance.getTokenBound
DA:51,2
BRDA:51,1,0,1
BRDA:51,1,1,1
DA:52,1
DA:54,1
DA:59,2
FN:59,ERC3643Compliance.getTokenBounds
FNDA:2,ERC3643Compliance.getTokenBounds
DA:60,2
DA:69,3
FN:69,ERC3643Compliance._unbindToken
FNDA:3,ERC3643Compliance._unbindToken
DA:70,3
BRDA:70,2,0,-
BRDA:70,2,1,3
DA:71,3
DA:73,3
DA:75,23
FN:75,ERC3643Compliance._bindToken
FNDA:23,ERC3643Compliance._bindToken
DA:76,23
BRDA:76,3,0,-
BRDA:76,3,1,23
DA:77,23
BRDA:77,4,0,-
BRDA:77,4,1,23
DA:78,23
DA:80,23
FNF:8
FNH:8
LF:24
LH:24
BRF:9
BRH:6
end_of_record
TN:
SF:src/modules/RuleEngineOperation.sol
DA:39,11
FN:39,RuleEngineOperation.setRulesOperation
FNDA:11,RuleEngineOperation.setRulesOperation
DA:42,11
BRDA:42,0,0,1
DA:43,1
DA:45,10
BRDA:45,1,0,9
DA:46,9
DA:48,10
DA:49,19
DA:50,17
DA:51,17
DA:60,4
FN:60,RuleEngineOperation.clearRulesOperation
FNDA:4,RuleEngineOperation.clearRulesOperation
DA:61,4
DA:70,36
FN:70,RuleEngineOperation.addRuleOperation
FNDA:36,RuleEngineOperation.addRuleOperation
DA:73,36
DA:74,34
DA:75,34
DA:87,5
FN:87,RuleEngineOperation.removeRuleOperation
FNDA:5,RuleEngineOperation.removeRuleOperation
DA:90,5
BRDA:90,2,0,1
BRDA:90,2,1,4
DA:91,4
DA:98,45
FN:98,RuleEngineOperation.rulesCountOperation
FNDA:45,RuleEngineOperation.rulesCountOperation
DA:99,82
DA:102,0
FN:102,RuleEngineOperation.rulesOperationIsPresent
FNDA:0,RuleEngineOperation.rulesOperationIsPresent
DA:103,5
DA:112,1
FN:112,RuleEngineOperation.ruleOperation
FNDA:1,RuleEngineOperation.ruleOperation
DA:115,32
DA:122,5
FN:122,RuleEngineOperation.rulesOperation
FNDA:5,RuleEngineOperation.rulesOperation
DA:129,5
DA:139,13
FN:139,RuleEngineOperation._clearRulesOperation
FNDA:13,RuleEngineOperation._clearRulesOperation
DA:142,13
DA:143,13
DA:153,8
FN:153,RuleEngineOperation._transferred
FNDA:8,RuleEngineOperation._transferred
DA:158,8
DA:159,8
DA:160,3
DA:177,4
FN:177,RuleEngineOperation._removeRuleOperation
FNDA:4,RuleEngineOperation._removeRuleOperation
DA:178,4
DA:179,4
DA:182,55
FN:182,RuleEngineOperation._checkRule
FNDA:55,RuleEngineOperation._checkRule
DA:183,55
BRDA:183,3,0,2
DA:184,2
DA:186,53
BRDA:186,4,0,2
DA:187,2
FNF:12
FNH:11
LF:41
LH:40
BRF:6
BRH:6
end_of_record
TN:
SF:src/modules/RuleEngineValidation.sol
DA:34,23
FN:34,RuleEngineValidation.setRulesValidation
FNDA:23,RuleEngineValidation.setRulesValidation
DA:37,22
BRDA:37,0,0,1
DA:38,1
DA:40,21
DA:41,21
BRDA:41,1,0,20
DA:42,20
DA:44,21
DA:45,30
DA:46,28
DA:47,28
DA:56,6
FN:56,RuleEngineValidation.clearRulesValidation
FNDA:6,RuleEngineValidation.clearRulesValidation
DA:57,5
DA:65,59
FN:65,RuleEngineValidation.addRuleValidation
FNDA:59,RuleEngineValidation.addRuleValidation
DA:68,58
DA:69,56
DA:70,56
DA:82,6
FN:82,RuleEngineValidation.removeRuleValidation
FNDA:6,RuleEngineValidation.removeRuleValidation
DA:85,5
BRDA:85,2,0,1
BRDA:85,2,1,4
DA:86,4
DA:95,0
FN:95,RuleEngineValidation.rulesValidationIsPresent
FNDA:0,RuleEngineValidation.rulesValidationIsPresent
DA:96,5
DA:103,70
FN:103,RuleEngineValidation.rulesCountValidation
FNDA:70,RuleEngineValidation.rulesCountValidation
DA:104,156
DA:112,1
FN:112,RuleEngineValidation.ruleValidation
FNDA:1,RuleEngineValidation.ruleValidation
DA:115,55
DA:123,5
FN:123,RuleEngineValidation.rulesValidation
FNDA:5,RuleEngineValidation.rulesValidation
DA:130,5
DA:140,25
FN:140,RuleEngineValidation._clearRulesValidation
FNDA:25,RuleEngineValidation._clearRulesValidation
DA:141,25
DA:143,25
DA:155,4
FN:155,RuleEngineValidation._removeRuleValidation
FNDA:4,RuleEngineValidation._removeRuleValidation
DA:156,4
DA:157,4
DA:160,88
FN:160,RuleEngineValidation._checkRuleValidation
FNDA:88,RuleEngineValidation._checkRuleValidation
DA:161,88
BRDA:161,3,0,2
DA:162,2
DA:164,86
BRDA:164,4,0,2
DA:165,2
FNF:11
FNH:10
LF:38
LH:37
BRF:6
BRH:6
end_of_record
TN:
SF:src/modules/RuleEngineValidationRead.sol
DA:31,5
FN:31,RuleEngineValidationRead.detectTransferRestrictionValidation
FNDA:5,RuleEngineValidationRead.detectTransferRestrictionValidation
DA:37,47
DA:38,47
DA:39,26
DA:41,26
BRDA:41,0,0,19
DA:42,19
DA:46,28
DA:49,1
FN:49,RuleEngineValidationRead.detectTransferRestrictionValidationFrom
FNDA:1,RuleEngineValidationRead.detectTransferRestrictionValidationFrom
DA:55,26
DA:56,26
DA:57,13
DA:59,13
BRDA:59,1,0,13
DA:60,13
DA:63,13
DA:73,2
FN:73,RuleEngineValidationRead.canTransferValidation
FNDA:2,RuleEngineValidationRead.canTransferValidation
DA:78,12
DA:79,12
DA:90,1
FN:90,RuleEngineValidationRead.canTransferValidationFrom
FNDA:1,RuleEngineValidationRead.canTransferValidationFrom
DA:96,3
DA:97,3
FNF:4
FNH:4
LF:20
LH:20
BRF:2
BRH:2
end_of_record
