TN:
SF:script/CMTATWithRuleEngine.s.sol
FN:11,MyScript.run
FNDA:0,MyScript.run
DA:13,0
DA:14,0
DA:15,0
DA:16,0
DA:19,0
DA:20,0
DA:21,0
DA:30,0
DA:31,0
DA:33,0
DA:34,0
DA:35,0
DA:36,0
FNF:1
FNH:0
LF:13
LH:0
BRF:0
BRH:0
end_of_record
TN:
SF:script/RuleEngine.s.sol
FN:11,MyScript.run
FNDA:0,MyScript.run
DA:13,0
DA:14,0
DA:15,0
DA:17,0
DA:18,0
DA:20,0
DA:21,0
DA:23,0
DA:25,0
BRDA:25,0,0,-
BRDA:25,0,1,-
DA:26,0
FNF:1
FNH:0
LF:10
LH:0
BRF:2
BRH:0
end_of_record
TN:
SF:src/RuleEngine.sol
FN:19,RuleEngine.setRules
FNDA:11,RuleEngine.setRules
DA:20,11
FN:23,RuleEngine.ruleLength
FNDA:4,RuleEngine.ruleLength
DA:24,4
FN:27,RuleEngine.rule
FNDA:1,RuleEngine.rule
DA:28,1
FN:31,RuleEngine.rules
FNDA:1,RuleEngine.rules
DA:32,1
FN:35,RuleEngine.detectTransferRestriction
FNDA:7,RuleEngine.detectTransferRestriction
DA:41,11
DA:42,11
DA:43,11
BRDA:43,0,0,7
BRDA:43,0,1,4
DA:44,7
DA:47,4
FN:50,RuleEngine.validateTransfer
FNDA:4,RuleEngine.validateTransfer
DA:56,4
FN:59,RuleEngine.messageForTransferRestriction
FNDA:6,RuleEngine.messageForTransferRestriction
DA:60,6
DA:61,6
BRDA:61,1,0,-
BRDA:61,1,1,4
DA:62,4
DA:65,2
FN:68,RuleEngine.kill
FNDA:0,RuleEngine.kill
DA:70,0
FNF:8
FNH:7
LF:15
LH:14
BRF:4
BRH:3
end_of_record
TN:
SF:src/RuleWhiteList.sol
FN:27,RuleWhitelist.addAddressesToTheWhitelist
FNDA:13,RuleWhitelist.addAddressesToTheWhitelist
DA:30,12
DA:31,26
BRDA:31,0,0,-
BRDA:31,0,1,23
DA:32,24
BRDA:32,1,0,1
BRDA:32,1,1,23
DA:33,23
DA:34,23
FN:39,RuleWhitelist.removeAddressesFromTheWhitelist
FNDA:4,RuleWhitelist.removeAddressesFromTheWhitelist
DA:42,3
DA:43,7
BRDA:43,2,0,-
BRDA:43,2,1,6
DA:44,6
DA:45,6
FN:51,RuleWhitelist.addAddressToTheWhitelist
FNDA:18,RuleWhitelist.addAddressToTheWhitelist
DA:52,17
BRDA:52,3,0,1
BRDA:52,3,1,16
DA:53,16
BRDA:53,4,0,1
BRDA:53,4,1,15
DA:54,15
BRDA:54,5,0,15
BRDA:54,5,1,15
DA:55,15
DA:56,15
FN:60,RuleWhitelist.removeAddressFromTheWhitelist
FNDA:3,RuleWhitelist.removeAddressFromTheWhitelist
DA:61,2
BRDA:61,6,0,1
BRDA:61,6,1,1
DA:62,1
BRDA:62,7,0,1
BRDA:62,7,1,1
DA:63,1
DA:64,1
FN:68,RuleWhitelist.numberWhitelistedAddress
FNDA:20,RuleWhitelist.numberWhitelistedAddress
DA:69,20
FN:72,RuleWhitelist.addressIsWhitelisted
FNDA:49,RuleWhitelist.addressIsWhitelisted
DA:73,49
FN:77,RuleWhitelist.isTransferValid
FNDA:2,RuleWhitelist.isTransferValid
DA:81,2
FN:84,RuleWhitelist.detectTransferRestriction
FNDA:14,RuleWhitelist.detectTransferRestriction
DA:88,16
BRDA:88,8,0,6
BRDA:88,8,1,10
DA:89,6
DA:91,10
BRDA:91,9,0,3
BRDA:91,9,1,7
DA:92,3
DA:95,7
FN:99,RuleWhitelist.canReturnTransferRestrictionCode
FNDA:8,RuleWhitelist.canReturnTransferRestrictionCode
DA:101,8
BRDA:100,10,0,5
BRDA:100,10,1,3
DA:105,5
DA:107,3
FN:110,RuleWhitelist.messageForTransferRestriction
FNDA:7,RuleWhitelist.messageForTransferRestriction
DA:111,7
BRDA:111,11,0,4
BRDA:111,11,1,3
DA:112,4
DA:115,3
BRDA:115,12,0,2
BRDA:115,12,1,1
DA:116,2
DA:120,1
FNF:10
FNH:10
LF:34
LH:34
BRF:26
BRH:24
end_of_record
