TN:
SF:script/RuleEngine.s.sol
FN:11,MyScript.run
FNDA:0,MyScript.run
DA:12,0
DA:13,0
DA:14,0
DA:15,0
DA:16,0
DA:17,0
DA:25,0
DA:26,0
DA:27,0
DA:28,0
FNF:1
FNH:0
LF:10
LH:0
BRF:0
BRH:0
end_of_record
TN:
SF:src/RuleEngine.sol
FN:17,RuleEngineMock.setRules
FNDA:10,RuleEngineMock.setRules
DA:18,10
FN:21,RuleEngineMock.ruleLength
FNDA:3,RuleEngineMock.ruleLength
DA:22,3
FN:25,RuleEngineMock.rule
FNDA:1,RuleEngineMock.rule
DA:26,1
FN:29,RuleEngineMock.rules
FNDA:1,RuleEngineMock.rules
DA:30,1
FN:33,RuleEngineMock.detectTransferRestriction
FNDA:7,RuleEngineMock.detectTransferRestriction
DA:39,11
DA:40,11
DA:41,11
BRDA:41,0,0,7
BRDA:41,0,1,4
DA:42,7
DA:45,4
FN:48,RuleEngineMock.validateTransfer
FNDA:4,RuleEngineMock.validateTransfer
DA:54,4
FN:57,RuleEngineMock.messageForTransferRestriction
FNDA:6,RuleEngineMock.messageForTransferRestriction
DA:58,6
DA:59,6
BRDA:59,1,0,-
BRDA:59,1,1,4
DA:60,4
DA:63,2
FNF:7
FNH:7
LF:14
LH:14
BRF:4
BRH:3
end_of_record
TN:
SF:src/RuleWhiteList.sol
FN:21,RuleWhitelist.addAddressesToTheWhitelist
FNDA:11,RuleWhitelist.addAddressesToTheWhitelist
DA:24,11
DA:25,23
BRDA:25,0,0,-
BRDA:25,0,1,20
DA:26,21
BRDA:26,1,0,1
BRDA:26,1,1,20
DA:27,20
DA:28,20
FN:33,RuleWhitelist.removeAddressesFromTheWhitelist
FNDA:3,RuleWhitelist.removeAddressesFromTheWhitelist
DA:36,3
DA:37,7
BRDA:37,2,0,-
BRDA:37,2,1,6
DA:38,6
DA:39,6
FN:45,RuleWhitelist.addAddressToTheWhitelist
FNDA:16,RuleWhitelist.addAddressToTheWhitelist
DA:46,16
BRDA:46,3,0,1
BRDA:46,3,1,15
DA:47,15
BRDA:47,4,0,1
BRDA:47,4,1,14
DA:48,14
BRDA:48,5,0,14
BRDA:48,5,1,14
DA:49,14
DA:50,14
FN:54,RuleWhitelist.removeAddressFromTheWhitelist
FNDA:2,RuleWhitelist.removeAddressFromTheWhitelist
DA:55,2
BRDA:55,6,0,1
BRDA:55,6,1,1
DA:56,1
BRDA:56,7,0,1
BRDA:56,7,1,1
DA:57,1
DA:58,1
FN:62,RuleWhitelist.numberWhitelistedAddress
FNDA:14,RuleWhitelist.numberWhitelistedAddress
DA:63,14
FN:66,RuleWhitelist.addressIsWhitelisted
FNDA:38,RuleWhitelist.addressIsWhitelisted
DA:67,38
FN:71,RuleWhitelist.isTransferValid
FNDA:2,RuleWhitelist.isTransferValid
DA:75,2
FN:78,RuleWhitelist.detectTransferRestriction
FNDA:14,RuleWhitelist.detectTransferRestriction
DA:82,16
BRDA:82,8,0,6
BRDA:82,8,1,10
DA:83,6
DA:85,10
BRDA:85,9,0,3
BRDA:85,9,1,7
DA:86,3
DA:89,7
FN:93,RuleWhitelist.canReturnTransferRestrictionCode
FNDA:6,RuleWhitelist.canReturnTransferRestrictionCode
DA:95,6
BRDA:94,10,0,4
BRDA:94,10,1,2
DA:102,4
DA:104,2
FN:107,RuleWhitelist.messageForTransferRestriction
FNDA:7,RuleWhitelist.messageForTransferRestriction
DA:108,7
BRDA:108,11,0,4
BRDA:108,11,1,3
DA:109,4
DA:112,3
BRDA:112,12,0,2
BRDA:112,12,1,1
DA:113,2
DA:117,1
FNF:10
FNH:10
LF:34
LH:34
BRF:26
BRH:24
end_of_record
