TN:
SF:script/CMTATWithRuleEngineScript.s.sol
FN:14,CMTATWithRuleEngineScript.run
FNDA:0,CMTATWithRuleEngineScript.run
DA:16,0
DA:17,0
DA:18,0
DA:19,0
DA:20,0
DA:22,0
DA:33,0
DA:35,0
DA:39,0
DA:41,0
DA:42,0
DA:43,0
DA:44,0
DA:46,0
FNF:1
FNH:0
LF:14
LH:0
BRF:0
BRH:0
end_of_record
TN:
SF:script/RuleEngineScript.s.sol
FN:16,RuleEngineScript.run
FNDA:0,RuleEngineScript.run
DA:18,0
DA:19,0
DA:20,0
DA:21,0
DA:23,0
DA:24,0
DA:26,0
DA:27,0
DA:28,0
DA:30,0
DA:33,0
BRDA:33,0,0,-
BRDA:33,0,1,-
DA:34,0
FNF:1
FNH:0
LF:12
LH:0
BRF:2
BRH:0
end_of_record
TN:
SF:src/RuleEngine.sol
FN:43,RuleEngine.setRules
FNDA:10,RuleEngine.setRules
DA:46,9
BRDA:46,0,0,1
BRDA:46,0,1,8
DA:47,8
DA:48,15
BRDA:48,1,0,1
BRDA:48,1,1,14
DA:52,14
BRDA:52,2,0,1
BRDA:52,2,1,13
DA:53,13
DA:54,13
DA:56,13
DA:59,6
FN:66,RuleEngine.clearRules
FNDA:3,RuleEngine.clearRules
DA:67,2
DA:68,2
FN:76,RuleEngine.addRule
FNDA:9,RuleEngine.addRule
DA:77,8
BRDA:77,3,0,1
BRDA:77,3,1,7
DA:81,7
BRDA:81,4,0,1
BRDA:81,4,1,6
DA:82,6
DA:83,6
DA:84,6
FN:97,RuleEngine.removeRule
FNDA:6,RuleEngine.removeRule
DA:101,5
BRDA:101,5,0,1
BRDA:101,5,1,4
DA:102,4
BRDA:102,6,0,-
BRDA:102,6,1,2
DA:103,2
DA:105,4
DA:106,4
DA:107,4
FN:113,RuleEngine.rulesCount
FNDA:20,RuleEngine.rulesCount
DA:114,20
FN:121,RuleEngine.getRuleIndex
FNDA:3,RuleEngine.getRuleIndex
DA:122,0
DA:123,5
BRDA:123,7,0,3
BRDA:123,7,1,3
DA:124,5
DA:127,3
DA:130,1
FN:138,RuleEngine.rule
FNDA:1,RuleEngine.rule
DA:139,1
FN:146,RuleEngine.rules
FNDA:4,RuleEngine.rules
DA:147,4
FN:157,RuleEngine.detectTransferRestriction
FNDA:7,RuleEngine.detectTransferRestriction
DA:162,17
DA:163,17
DA:168,17
BRDA:168,8,0,12
BRDA:168,8,1,5
DA:169,12
DA:172,5
DA:175,5
FN:185,RuleEngine.validateTransfer
FNDA:10,RuleEngine.validateTransfer
DA:190,10
FN:198,RuleEngine.messageForTransferRestriction
FNDA:6,RuleEngine.messageForTransferRestriction
DA:201,6
DA:202,5
BRDA:202,9,0,-
BRDA:202,9,1,4
DA:203,4
DA:207,1
DA:210,2
FN:216,RuleEngine._msgSender
FNDA:38,RuleEngine._msgSender
DA:222,38
FN:228,RuleEngine._msgData
FNDA:0,RuleEngine._msgData
DA:234,0
FNF:13
FNH:12
LF:43
LH:41
BRF:20
BRH:18
end_of_record
TN:
SF:src/RuleWhitelist.sol
FN:49,RuleWhitelist.addAddressesToTheWhitelist
FNDA:13,RuleWhitelist.addAddressesToTheWhitelist
DA:52,12
DA:53,12
DA:54,26
BRDA:54,0,0,-
BRDA:54,0,1,24
DA:55,24
DA:56,24
DA:59,26
DA:62,12
FN:71,RuleWhitelist.removeAddressesFromTheWhitelist
FNDA:4,RuleWhitelist.removeAddressesFromTheWhitelist
DA:74,3
DA:75,3
DA:76,7
BRDA:76,1,0,-
BRDA:76,1,1,6
DA:77,6
DA:78,6
DA:81,7
DA:84,3
FN:92,RuleWhitelist.addAddressToTheWhitelist
FNDA:22,RuleWhitelist.addAddressToTheWhitelist
DA:95,21
BRDA:95,2,0,1
BRDA:95,2,1,20
DA:99,20
DA:100,20
FN:109,RuleWhitelist.removeAddressFromTheWhitelist
FNDA:3,RuleWhitelist.removeAddressFromTheWhitelist
DA:112,2
BRDA:112,3,0,1
BRDA:112,3,1,1
DA:116,1
DA:117,1
FN:125,RuleWhitelist.numberWhitelistedAddress
FNDA:20,RuleWhitelist.numberWhitelistedAddress
DA:126,20
FN:135,RuleWhitelist.addressIsWhitelisted
FNDA:50,RuleWhitelist.addressIsWhitelisted
DA:138,50
FN:148,RuleWhitelist.validateTransfer
FNDA:3,RuleWhitelist.validateTransfer
DA:153,3
FN:164,RuleWhitelist.detectTransferRestriction
FNDA:20,RuleWhitelist.detectTransferRestriction
DA:169,23
BRDA:169,4,0,11
BRDA:169,4,1,12
DA:170,11
DA:171,12
BRDA:171,5,0,4
BRDA:171,5,1,8
DA:172,4
DA:174,8
FN:183,RuleWhitelist.canReturnTransferRestrictionCode
FNDA:8,RuleWhitelist.canReturnTransferRestrictionCode
DA:186,8
FN:196,RuleWhitelist.messageForTransferRestriction
FNDA:7,RuleWhitelist.messageForTransferRestriction
DA:199,7
BRDA:199,6,0,4
BRDA:199,6,1,3
DA:200,4
DA:201,3
BRDA:201,7,0,2
BRDA:201,7,1,1
DA:202,2
DA:204,1
FN:211,RuleWhitelist._msgSender
FNDA:52,RuleWhitelist._msgSender
DA:217,52
FN:223,RuleWhitelist._msgData
FNDA:0,RuleWhitelist._msgData
DA:229,0
FNF:12
FNH:11
LF:36
LH:35
BRF:16
BRH:14
end_of_record
TN:
SF:src/modules/MetaTxModuleStandalone.sol
FN:15,MetaTxModuleStandalone._msgSender
FNDA:90,MetaTxModuleStandalone._msgSender
DA:22,90
FN:25,MetaTxModuleStandalone._msgData
FNDA:0,MetaTxModuleStandalone._msgData
DA:32,0
FNF:2
FNH:1
LF:2
LH:1
BRF:0
BRH:0
end_of_record
