TN:
SF:script/CMTATWithRuleEngineScript.s.sol
DA:20,1
FN:20,CMTATWithRuleEngineScript.run
FNDA:1,CMTATWithRuleEngineScript.run
DA:22,1
DA:23,1
DA:24,1
DA:25,1
DA:27,1
DA:28,1
DA:29,1
DA:30,1
DA:37,1
DA:38,1
DA:39,1
DA:40,1
DA:42,1
DA:43,1
DA:45,1
DA:46,1
DA:47,1
DA:48,1
DA:50,1
FNF:1
FNH:1
LF:20
LH:20
BRF:0
BRH:0
end_of_record
TN:
SF:script/RuleEngineScript.s.sol
DA:32,1
FN:32,RuleEngineScript.run
FNDA:1,RuleEngineScript.run
DA:34,1
DA:35,1
DA:36,1
DA:37,1
DA:39,1
DA:40,1
DA:42,1
DA:43,1
DA:44,1
DA:45,1
DA:47,1
DA:48,1
DA:49,1
DA:53,1
DA:54,1
FNF:1
FNH:1
LF:16
LH:16
BRF:0
BRH:0
end_of_record
TN:
SF:src/RuleEngineBase.sol
DA:53,7
FN:53,RuleEngineBase.transferred.0
FNDA:7,RuleEngineBase.transferred.0
DA:60,6
DA:66,19
FN:66,RuleEngineBase.transferred.1
FNDA:19,RuleEngineBase.transferred.1
DA:72,16
DA:76,9
FN:76,RuleEngineBase.created
FNDA:9,RuleEngineBase.created
DA:77,6
DA:81,6
FN:81,RuleEngineBase.destroyed
FNDA:6,RuleEngineBase.destroyed
DA:82,3
DA:94,36
FN:94,RuleEngineBase.detectTransferRestriction
FNDA:36,RuleEngineBase.detectTransferRestriction
DA:101,70
DA:107,19
FN:107,RuleEngineBase.detectTransferRestrictionFrom
FNDA:19,RuleEngineBase.detectTransferRestrictionFrom
DA:114,41
DA:120,29
FN:120,RuleEngineBase.messageForTransferRestriction
FNDA:29,RuleEngineBase.messageForTransferRestriction
DA:127,29
DA:133,34
FN:133,RuleEngineBase.canTransfer
FNDA:34,RuleEngineBase.canTransfer
DA:140,34
DA:146,22
FN:146,RuleEngineBase.canTransferFrom
FNDA:22,RuleEngineBase.canTransferFrom
DA:153,22
DA:166,70
FN:166,RuleEngineBase._detectTransferRestriction
FNDA:70,RuleEngineBase._detectTransferRestriction
DA:167,70
DA:168,70
DA:169,72
DA:170,72
BRDA:170,0,0,47
DA:171,47
DA:174,23
DA:185,41
FN:185,RuleEngineBase._detectTransferRestrictionFrom
FNDA:41,RuleEngineBase._detectTransferRestrictionFrom
DA:191,41
DA:192,41
DA:193,43
DA:194,43
BRDA:194,1,0,31
DA:195,31
DA:198,10
DA:211,29
FN:211,RuleEngineBase._messageForTransferRestriction
FNDA:29,RuleEngineBase._messageForTransferRestriction
DA:212,29
BRDA:212,2,0,8
DA:213,8
DA:215,21
DA:216,21
DA:217,18
BRDA:217,3,0,14
DA:218,14
DA:221,7
DA:228,277
FN:228,RuleEngineBase._checkRule
FNDA:277,RuleEngineBase._checkRule
DA:229,277
DA:230,268
BRDA:230,4,0,6
DA:231,6
DA:241,56
FN:241,RuleEngineBase._supportsRuleEngineBaseInterface
FNDA:56,RuleEngineBase._supportsRuleEngineBaseInterface
DA:242,56
DA:243,51
DA:244,41
DA:245,36
DA:246,31
DA:247,21
FNF:14
FNH:14
LF:51
LH:51
BRF:5
BRH:5
end_of_record
TN:
SF:src/RuleEngineOwnableShared.sol
DA:27,186
FN:27,RuleEngineOwnableShared.constructor
FNDA:186,RuleEngineOwnableShared.constructor
DA:28,186
BRDA:28,0,0,1
DA:29,1
DA:32,186
DA:41,35
FN:41,RuleEngineOwnableShared.supportsInterface
FNDA:35,RuleEngineOwnableShared.supportsInterface
DA:42,35
DA:43,5
DA:50,10
FN:50,RuleEngineOwnableShared._checkOwnershipTransferTarget
FNDA:10,RuleEngineOwnableShared._checkOwnershipTransferTarget
DA:51,10
BRDA:51,1,0,2
DA:52,2
DA:64,255
FN:64,RuleEngineOwnableShared._msgSender
FNDA:255,RuleEngineOwnableShared._msgSender
DA:65,255
DA:72,2
FN:72,RuleEngineOwnableShared._msgData
FNDA:2,RuleEngineOwnableShared._msgData
DA:73,2
DA:80,257
FN:80,RuleEngineOwnableShared._contextSuffixLength
FNDA:257,RuleEngineOwnableShared._contextSuffixLength
DA:81,257
FNF:6
FNH:6
LF:16
LH:16
BRF:2
BRH:2
end_of_record
TN:
SF:src/deployment/RuleEngine.sol
DA:37,184
FN:37,RuleEngine.constructor
FNDA:184,RuleEngine.constructor
DA:40,184
BRDA:40,0,0,1
DA:41,1
DA:43,183
BRDA:43,1,0,32
DA:44,32
DA:46,183
DA:48,183
DA:62,39
FN:62,RuleEngine.grantRole
FNDA:39,RuleEngine.grantRole
DA:63,39
BRDA:63,2,0,3
DA:64,3
DA:66,36
DA:76,192
FN:76,RuleEngine.hasRole
FNDA:192,RuleEngine.hasRole
DA:83,544
BRDA:83,3,0,270
BRDA:83,3,1,274
DA:84,270
DA:86,274
DA:96,21
FN:96,RuleEngine.supportsInterface
FNDA:21,RuleEngine.supportsInterface
DA:103,21
DA:112,56
FN:112,RuleEngine._onlyComplianceManager
FNDA:56,RuleEngine._onlyComplianceManager
DA:117,217
FN:117,RuleEngine._onlyRulesManager
FNDA:217,RuleEngine._onlyRulesManager
DA:122,5
FN:122,RuleEngine._onlyRulesLimitManager
FNDA:5,RuleEngine._onlyRulesLimitManager
DA:128,614
FN:128,RuleEngine._msgSender
FNDA:614,RuleEngine._msgSender
DA:129,614
DA:136,1
FN:136,RuleEngine._msgData
FNDA:1,RuleEngine._msgData
DA:137,1
DA:144,615
FN:144,RuleEngine._contextSuffixLength
FNDA:615,RuleEngine._contextSuffixLength
DA:145,615
FNF:10
FNH:10
LF:26
LH:26
BRF:5
BRH:5
end_of_record
TN:
SF:src/deployment/RuleEngineOwnable.sol
DA:28,5
FN:28,RuleEngineOwnable.transferOwnership
FNDA:5,RuleEngineOwnable.transferOwnership
DA:29,4
DA:30,3
DA:37,69
FN:37,RuleEngineOwnable._onlyRulesManager
FNDA:69,RuleEngineOwnable._onlyRulesManager
DA:42,2
FN:42,RuleEngineOwnable._onlyRulesLimitManager
FNDA:2,RuleEngineOwnable._onlyRulesLimitManager
DA:47,46
FN:47,RuleEngineOwnable._onlyComplianceManager
FNDA:46,RuleEngineOwnable._onlyComplianceManager
DA:53,185
FN:53,RuleEngineOwnable._msgSender
FNDA:185,RuleEngineOwnable._msgSender
DA:54,185
DA:61,1
FN:61,RuleEngineOwnable._msgData
FNDA:1,RuleEngineOwnable._msgData
DA:62,1
DA:69,186
FN:69,RuleEngineOwnable._contextSuffixLength
FNDA:186,RuleEngineOwnable._contextSuffixLength
DA:70,186
FNF:7
FNH:7
LF:12
LH:12
BRF:0
BRH:0
end_of_record
TN:
SF:src/deployment/RuleEngineOwnable2Step.sol
DA:32,6
FN:32,RuleEngineOwnable2Step.transferOwnership
FNDA:6,RuleEngineOwnable2Step.transferOwnership
DA:33,6
DA:34,5
DA:43,13
FN:43,RuleEngineOwnable2Step.supportsInterface
FNDA:13,RuleEngineOwnable2Step.supportsInterface
DA:50,13
DA:51,11
DA:58,7
FN:58,RuleEngineOwnable2Step._onlyRulesManager
FNDA:7,RuleEngineOwnable2Step._onlyRulesManager
DA:63,2
FN:63,RuleEngineOwnable2Step._onlyRulesLimitManager
FNDA:2,RuleEngineOwnable2Step._onlyRulesLimitManager
DA:68,25
FN:68,RuleEngineOwnable2Step._onlyComplianceManager
FNDA:25,RuleEngineOwnable2Step._onlyComplianceManager
DA:74,70
FN:74,RuleEngineOwnable2Step._msgSender
FNDA:70,RuleEngineOwnable2Step._msgSender
DA:75,70
DA:82,1
FN:82,RuleEngineOwnable2Step._msgData
FNDA:1,RuleEngineOwnable2Step._msgData
DA:83,1
DA:90,71
FN:90,RuleEngineOwnable2Step._contextSuffixLength
FNDA:71,RuleEngineOwnable2Step._contextSuffixLength
DA:91,71
FNF:8
FNH:8
LF:15
LH:15
BRF:0
BRH:0
end_of_record
TN:
SF:src/modules/ERC3643ComplianceExtendedModule.sol
DA:28,18
FN:28,ERC3643ComplianceExtendedModule.bindTokens
FNDA:18,ERC3643ComplianceExtendedModule.bindTokens
DA:29,15
DA:30,24
DA:35,9
FN:35,ERC3643ComplianceExtendedModule.unbindTokens
FNDA:9,ERC3643ComplianceExtendedModule.unbindTokens
DA:36,6
DA:37,12
DA:42,27
FN:42,ERC3643ComplianceExtendedModule.setTokenSelfBindingApproval
FNDA:27,ERC3643ComplianceExtendedModule.setTokenSelfBindingApproval
DA:43,24
BRDA:43,0,0,3
BRDA:43,0,1,21
DA:44,21
DA:45,21
DA:49,12
FN:49,ERC3643ComplianceExtendedModule.setTokenSelfBindingApprovalBatch
FNDA:12,ERC3643ComplianceExtendedModule.setTokenSelfBindingApprovalBatch
DA:55,9
DA:56,18
DA:57,18
BRDA:57,1,0,3
BRDA:57,1,1,15
DA:58,15
DA:60,6
DA:64,6
FN:64,ERC3643ComplianceExtendedModule.isTokenSelfBindingApproved
FNDA:6,ERC3643ComplianceExtendedModule.isTokenSelfBindingApproved
DA:65,6
DA:69,4
FN:69,ERC3643ComplianceExtendedModule.getTokenBounds
FNDA:4,ERC3643ComplianceExtendedModule.getTokenBounds
DA:70,4
DA:78,87
FN:78,ERC3643ComplianceExtendedModule._authorizeComplianceBindingChange
FNDA:87,ERC3643ComplianceExtendedModule._authorizeComplianceBindingChange
DA:79,87
BRDA:79,2,0,87
DA:80,87
DA:82,61
FNF:7
FNH:7
LF:24
LH:24
BRF:5
BRH:5
end_of_record
TN:
SF:src/modules/ERC3643ComplianceModule.sol
DA:27,7
FN:27,ERC3643ComplianceModule.onlyBoundToken
FNDA:7,ERC3643ComplianceModule.onlyBoundToken
DA:28,7
DA:32,9
FN:32,ERC3643ComplianceModule.onlyComplianceManager
FNDA:9,ERC3643ComplianceModule.onlyComplianceManager
DA:33,9
DA:52,66
FN:52,ERC3643ComplianceModule.bindToken
FNDA:66,ERC3643ComplianceModule.bindToken
DA:53,66
DA:54,58
DA:63,21
FN:63,ERC3643ComplianceModule.unbindToken
FNDA:21,ERC3643ComplianceModule.unbindToken
DA:64,21
DA:65,14
DA:69,41
FN:69,ERC3643ComplianceModule.isTokenBound
FNDA:41,ERC3643ComplianceModule.isTokenBound
DA:70,41
DA:74,7
FN:74,ERC3643ComplianceModule.getTokenBound
FNDA:7,ERC3643ComplianceModule.getTokenBound
DA:75,7
BRDA:75,0,0,5
BRDA:75,0,1,2
DA:78,5
DA:80,2
DA:92,26
FN:92,ERC3643ComplianceModule._unbindToken
FNDA:26,ERC3643ComplianceModule._unbindToken
DA:95,26
BRDA:95,1,0,5
BRDA:95,1,1,21
DA:97,21
DA:104,115
FN:104,ERC3643ComplianceModule._bindToken
FNDA:115,ERC3643ComplianceModule._bindToken
DA:105,115
BRDA:105,2,0,5
BRDA:105,2,1,110
DA:108,110
BRDA:108,3,0,5
BRDA:108,3,1,105
DA:109,105
DA:116,0
FN:116,ERC3643ComplianceModule._authorizeComplianceBindingChange
FNDA:0,ERC3643ComplianceModule._authorizeComplianceBindingChange
DA:121,0
FN:121,ERC3643ComplianceModule._onlyComplianceManager
FNDA:0,ERC3643ComplianceModule._onlyComplianceManager
DA:126,41
FN:126,ERC3643ComplianceModule._checkBoundToken
FNDA:41,ERC3643ComplianceModule._checkBoundToken
DA:127,41
BRDA:127,4,0,10
DA:128,10
FNF:11
FNH:9
LF:28
LH:26
BRF:9
BRH:9
end_of_record
TN:
SF:src/modules/RulesManagementModule.sol
DA:16,19
FN:16,RulesManagementModule.onlyRulesManager
FNDA:19,RulesManagementModule.onlyRulesManager
DA:17,19
DA:21,9
FN:21,RulesManagementModule.onlyRulesLimitManager
FNDA:9,RulesManagementModule.onlyRulesLimitManager
DA:22,9
DA:52,53
FN:52,RulesManagementModule.setRules
FNDA:53,RulesManagementModule.setRules
DA:53,51
BRDA:53,0,0,6
DA:54,6
DA:56,45
BRDA:56,1,0,1
DA:57,1
DA:59,44
BRDA:59,2,0,38
DA:60,38
DA:62,44
DA:63,81
DA:65,76
BRDA:65,3,0,-
BRDA:65,3,1,76
DA:66,76
DA:73,19
FN:73,RulesManagementModule.clearRules
FNDA:19,RulesManagementModule.clearRules
DA:74,16
DA:82,203
FN:82,RulesManagementModule.addRule
FNDA:203,RulesManagementModule.addRule
DA:83,198
BRDA:83,4,0,2
DA:84,2
DA:86,196
DA:87,186
BRDA:87,5,0,-
BRDA:87,5,1,186
DA:88,186
DA:94,9
FN:94,RulesManagementModule.setMaxRules
FNDA:9,RulesManagementModule.setMaxRules
DA:95,5
BRDA:95,6,0,1
DA:96,1
DA:98,4
DA:99,4
DA:105,18
FN:105,RulesManagementModule.removeRule
FNDA:18,RulesManagementModule.removeRule
DA:106,16
BRDA:106,7,0,3
BRDA:106,7,1,13
DA:107,13
DA:114,8
FN:114,RulesManagementModule.maxRules
FNDA:8,RulesManagementModule.maxRules
DA:115,8
DA:121,191
FN:121,RulesManagementModule.rulesCount
FNDA:191,RulesManagementModule.rulesCount
DA:122,323
DA:128,82
FN:128,RulesManagementModule.containsRule
FNDA:82,RulesManagementModule.containsRule
DA:129,92
DA:135,5
FN:135,RulesManagementModule.rule
FNDA:5,RulesManagementModule.rule
DA:136,152
BRDA:136,8,0,150
BRDA:136,8,1,2
DA:139,150
DA:141,2
DA:148,15
FN:148,RulesManagementModule.rules
FNDA:15,RulesManagementModule.rules
DA:149,15
DA:159,54
FN:159,RulesManagementModule._clearRules
FNDA:54,RulesManagementModule._clearRules
DA:160,54
DA:161,54
DA:171,13
FN:171,RulesManagementModule._removeRule
FNDA:13,RulesManagementModule._removeRule
DA:173,13
BRDA:173,9,0,-
BRDA:173,9,1,13
DA:174,13
DA:190,25
FN:190,RulesManagementModule._transferred.0
FNDA:25,RulesManagementModule._transferred.0
DA:191,25
DA:192,25
DA:193,19
DA:209,6
FN:209,RulesManagementModule._transferred.1
FNDA:6,RulesManagementModule._transferred.1
DA:210,6
DA:211,6
DA:212,6
DA:219,0
FN:219,RulesManagementModule._onlyRulesManager
FNDA:0,RulesManagementModule._onlyRulesManager
DA:224,0
FN:224,RulesManagementModule._onlyRulesLimitManager
FNDA:0,RulesManagementModule._onlyRulesLimitManager
DA:230,277
FN:230,RulesManagementModule._checkRule
FNDA:277,RulesManagementModule._checkRule
DA:231,277
BRDA:231,10,0,3
DA:232,3
DA:234,274
BRDA:234,11,0,6
DA:235,6
FNF:19
FNH:17
LF:64
LH:62
BRF:17
BRH:14
end_of_record
TN:
SF:src/modules/VersionModule.sol
DA:27,2
FN:27,VersionModule.version
FNDA:2,VersionModule.version
DA:28,2
FNF:1
FNH:1
LF:2
LH:2
BRF:0
BRH:0
end_of_record
