TN:
SF:src/RuleEngineBase.sol
DA:37,5
FN:37,RuleEngineBase.transferred.0
FNDA:5,RuleEngineBase.transferred.0
DA:44,4
DA:50,18
FN:50,RuleEngineBase.transferred.1
FNDA:18,RuleEngineBase.transferred.1
DA:56,16
DA:60,4
FN:60,RuleEngineBase.created
FNDA:4,RuleEngineBase.created
DA:61,2
DA:65,4
FN:65,RuleEngineBase.destroyed
FNDA:4,RuleEngineBase.destroyed
DA:66,2
DA:78,34
FN:78,RuleEngineBase.detectTransferRestriction
FNDA:34,RuleEngineBase.detectTransferRestriction
DA:85,59
DA:91,18
FN:91,RuleEngineBase.detectTransferRestrictionFrom
FNDA:18,RuleEngineBase.detectTransferRestrictionFrom
DA:98,39
DA:104,19
FN:104,RuleEngineBase.messageForTransferRestriction
FNDA:19,RuleEngineBase.messageForTransferRestriction
DA:111,19
DA:117,25
FN:117,RuleEngineBase.canTransfer
FNDA:25,RuleEngineBase.canTransfer
DA:124,25
DA:130,21
FN:130,RuleEngineBase.canTransferFrom
FNDA:21,RuleEngineBase.canTransferFrom
DA:137,21
DA:143,59
FN:143,RuleEngineBase._detectTransferRestriction
FNDA:59,RuleEngineBase._detectTransferRestriction
DA:144,59
DA:145,59
DA:146,59
DA:147,59
BRDA:147,0,0,43
DA:148,43
DA:151,16
DA:154,39
FN:154,RuleEngineBase._detectTransferRestrictionFrom
FNDA:39,RuleEngineBase._detectTransferRestrictionFrom
DA:160,39
DA:161,39
DA:162,39
DA:163,39
BRDA:163,1,0,29
DA:164,29
DA:167,10
DA:176,19
FN:176,RuleEngineBase._messageForTransferRestriction
FNDA:19,RuleEngineBase._messageForTransferRestriction
DA:177,19
DA:178,19
DA:179,16
BRDA:179,2,0,14
DA:180,14
DA:183,5
DA:189,217
FN:189,RuleEngineBase._checkRule
FNDA:217,RuleEngineBase._checkRule
DA:190,217
DA:191,208
BRDA:191,3,0,6
DA:192,6
FNF:13
FNH:13
LF:42
LH:42
BRF:4
BRH:4
end_of_record
TN:
SF:src/deployment/RuleEngine.sol
DA:26,127
FN:26,RuleEngine.constructor
FNDA:127,RuleEngine.constructor
DA:29,127
BRDA:29,0,0,1
DA:30,1
DA:32,126
BRDA:32,1,0,31
DA:33,31
DA:35,126
DA:43,135
FN:43,RuleEngine.hasRole
FNDA:135,RuleEngine.hasRole
DA:44,350
BRDA:44,2,0,185
BRDA:44,2,1,165
DA:45,185
DA:47,165
DA:52,6
FN:52,RuleEngine.supportsInterface
FNDA:6,RuleEngine.supportsInterface
DA:53,6
DA:54,5
DA:55,4
DA:56,3
DA:57,2
DA:63,15
FN:63,RuleEngine._onlyComplianceManager
FNDA:15,RuleEngine._onlyComplianceManager
DA:64,170
FN:64,RuleEngine._onlyRulesManager
FNDA:170,RuleEngine._onlyRulesManager
DA:69,366
FN:69,RuleEngine._msgSender
FNDA:366,RuleEngine._msgSender
DA:70,366
DA:76,1
FN:76,RuleEngine._msgData
FNDA:1,RuleEngine._msgData
DA:77,1
DA:83,367
FN:83,RuleEngine._contextSuffixLength
FNDA:367,RuleEngine._contextSuffixLength
DA:84,367
FNF:8
FNH:8
LF:24
LH:24
BRF:4
BRH:4
end_of_record
TN:
SF:src/deployment/RuleEngineOwnable.sol
DA:29,77
FN:29,RuleEngineOwnable.constructor
FNDA:77,RuleEngineOwnable.constructor
DA:35,76
BRDA:35,0,0,1
DA:36,1
DA:44,64
FN:44,RuleEngineOwnable._onlyRulesManager
FNDA:64,RuleEngineOwnable._onlyRulesManager
DA:49,21
FN:49,RuleEngineOwnable._onlyComplianceManager
FNDA:21,RuleEngineOwnable._onlyComplianceManager
DA:52,9
FN:52,RuleEngineOwnable.supportsInterface
FNDA:9,RuleEngineOwnable.supportsInterface
DA:53,9
DA:54,8
DA:55,7
DA:56,5
DA:57,4
DA:58,3
DA:68,108
FN:68,RuleEngineOwnable._msgSender
FNDA:108,RuleEngineOwnable._msgSender
DA:69,108
DA:75,1
FN:75,RuleEngineOwnable._msgData
FNDA:1,RuleEngineOwnable._msgData
DA:76,1
DA:82,109
FN:82,RuleEngineOwnable._contextSuffixLength
FNDA:109,RuleEngineOwnable._contextSuffixLength
DA:83,109
FNF:7
FNH:7
LF:18
LH:18
BRF:1
BRH:1
end_of_record
TN:
SF:src/modules/ERC3643ComplianceModule.sol
DA:29,5
FN:29,ERC3643ComplianceModule.onlyBoundToken
FNDA:5,ERC3643ComplianceModule.onlyBoundToken
DA:30,5
DA:34,26
FN:34,ERC3643ComplianceModule.onlyComplianceManager
FNDA:26,ERC3643ComplianceModule.onlyComplianceManager
DA:35,26
DA:50,26
FN:50,ERC3643ComplianceModule.bindToken
FNDA:26,ERC3643ComplianceModule.bindToken
DA:51,25
DA:60,10
FN:60,ERC3643ComplianceModule.unbindToken
FNDA:10,ERC3643ComplianceModule.unbindToken
DA:61,9
DA:65,15
FN:65,ERC3643ComplianceModule.isTokenBound
FNDA:15,ERC3643ComplianceModule.isTokenBound
DA:66,15
DA:70,5
FN:70,ERC3643ComplianceModule.getTokenBound
FNDA:5,ERC3643ComplianceModule.getTokenBound
DA:71,5
BRDA:71,0,0,3
BRDA:71,0,1,2
DA:74,3
DA:76,2
DA:81,4
FN:81,ERC3643ComplianceModule.getTokenBounds
FNDA:4,ERC3643ComplianceModule.getTokenBounds
DA:82,4
DA:89,9
FN:89,ERC3643ComplianceModule._unbindToken
FNDA:9,ERC3643ComplianceModule._unbindToken
DA:90,9
BRDA:90,1,0,2
BRDA:90,1,1,7
DA:92,7
BRDA:92,2,0,-
BRDA:92,2,1,7
DA:94,7
DA:97,57
FN:97,ERC3643ComplianceModule._bindToken
FNDA:57,ERC3643ComplianceModule._bindToken
DA:98,57
BRDA:98,3,0,2
BRDA:98,3,1,55
DA:99,55
BRDA:99,4,0,2
BRDA:99,4,1,53
DA:101,53
BRDA:101,5,0,-
BRDA:101,5,1,53
DA:102,53
DA:105,31
FN:105,ERC3643ComplianceModule._checkBoundToken
FNDA:31,ERC3643ComplianceModule._checkBoundToken
DA:106,31
BRDA:106,6,0,7
DA:107,7
FNF:10
FNH:10
LF:28
LH:28
BRF:13
BRH:11
end_of_record
TN:
SF:src/modules/RulesManagementModule.sol
DA:16,15
FN:16,RulesManagementModule.onlyRulesManager
FNDA:15,RulesManagementModule.onlyRulesManager
DA:17,15
DA:45,49
FN:45,RulesManagementModule.setRules
FNDA:49,RulesManagementModule.setRules
DA:46,47
BRDA:46,0,0,6
DA:47,6
DA:49,41
BRDA:49,1,0,35
DA:50,35
DA:52,41
DA:53,69
DA:55,64
BRDA:55,2,0,-
BRDA:55,2,1,64
DA:56,64
DA:63,15
FN:63,RulesManagementModule.clearRules
FNDA:15,RulesManagementModule.clearRules
DA:64,13
DA:73,152
FN:73,RulesManagementModule.addRule
FNDA:152,RulesManagementModule.addRule
DA:74,148
DA:75,138
BRDA:75,3,0,-
BRDA:75,3,1,138
DA:76,138
DA:82,18
FN:82,RulesManagementModule.removeRule
FNDA:18,RulesManagementModule.removeRule
DA:83,16
BRDA:83,4,0,3
BRDA:83,4,1,13
DA:84,13
DA:92,161
FN:92,RulesManagementModule.rulesCount
FNDA:161,RulesManagementModule.rulesCount
DA:93,278
DA:99,71
FN:99,RulesManagementModule.containsRule
FNDA:71,RulesManagementModule.containsRule
DA:100,71
DA:106,5
FN:106,RulesManagementModule.rule
FNDA:5,RulesManagementModule.rule
DA:107,133
BRDA:107,5,0,131
BRDA:107,5,1,2
DA:110,131
DA:112,2
DA:119,15
FN:119,RulesManagementModule.rules
FNDA:15,RulesManagementModule.rules
DA:120,15
DA:130,48
FN:130,RulesManagementModule._clearRules
FNDA:48,RulesManagementModule._clearRules
DA:131,48
DA:132,48
DA:142,13
FN:142,RulesManagementModule._removeRule
FNDA:13,RulesManagementModule._removeRule
DA:144,13
BRDA:144,6,0,-
BRDA:144,6,1,13
DA:145,13
DA:151,217
FN:151,RulesManagementModule._checkRule
FNDA:217,RulesManagementModule._checkRule
DA:152,217
BRDA:152,7,0,3
DA:153,3
DA:155,214
BRDA:155,8,0,6
DA:156,6
DA:173,20
FN:173,RulesManagementModule._transferred.0
FNDA:20,RulesManagementModule._transferred.0
DA:174,20
DA:175,20
DA:176,14
DA:192,4
FN:192,RulesManagementModule._transferred.1
FNDA:4,RulesManagementModule._transferred.1
DA:193,4
DA:194,4
DA:195,4
FNF:14
FNH:14
LF:49
LH:49
BRF:14
BRH:11
end_of_record
TN:
SF:src/modules/VersionModule.sol
DA:23,2
FN:23,VersionModule.version
FNDA:2,VersionModule.version
DA:24,2
FNF:1
FNH:1
LF:2
LH:2
BRF:0
BRH:0
end_of_record
