TN:
SF:script/CMTATWithRuleEngine.s.sol
FN:14,MyScript.run
FNDA:0,MyScript.run
DA:16,0
DA:17,0
DA:18,0
DA:19,0
DA:22,0
DA:23,0
DA:24,0
DA:32,0
DA:33,0
DA:35,0
DA:36,0
DA:37,0
DA:38,0
DA:40,0
FNF:1
FNH:0
LF:14
LH:0
BRF:0
BRH:0
end_of_record
TN:
SF:script/RuleEngine.s.sol
FN:14,MyScript.run
FNDA:0,MyScript.run
DA:16,0
DA:17,0
DA:18,0
DA:20,0
DA:21,0
DA:23,0
DA:24,0
DA:25,0
DA:27,0
DA:30,0
BRDA:30,0,0,-
BRDA:30,0,1,-
DA:31,0
FNF:1
FNH:0
LF:11
LH:0
BRF:2
BRH:0
end_of_record
TN:
SF:src/RuleEngine.sol
FN:27,RuleEngine.setRules
FNDA:8,RuleEngine.setRules
DA:30,7
BRDA:30,0,0,1
BRDA:30,0,1,6
DA:31,6
DA:32,11
BRDA:32,1,0,1
BRDA:32,1,1,10
DA:37,5
FN:44,RuleEngine.clearRules
FNDA:3,RuleEngine.clearRules
DA:45,2
FN:53,RuleEngine.addRule
FNDA:7,RuleEngine.addRule
DA:54,6
BRDA:54,2,0,1
BRDA:54,2,1,5
DA:58,5
FN:68,RuleEngine.removeRule
FNDA:7,RuleEngine.removeRule
DA:69,6
DA:70,7
BRDA:70,3,0,-
BRDA:70,3,1,4
DA:71,4
BRDA:71,4,0,-
BRDA:71,4,1,2
DA:72,2
DA:74,4
DA:75,4
FN:80,RuleEngine.ruleLength
FNDA:20,RuleEngine.ruleLength
DA:81,20
FN:84,RuleEngine.rule
FNDA:1,RuleEngine.rule
DA:85,1
FN:88,RuleEngine.rules
FNDA:2,RuleEngine.rules
DA:89,2
FN:92,RuleEngine.detectTransferRestriction
FNDA:7,RuleEngine.detectTransferRestriction
DA:97,15
DA:98,15
DA:103,15
BRDA:103,5,0,10
BRDA:103,5,1,5
DA:104,10
DA:107,5
FN:110,RuleEngine.validateTransfer
FNDA:8,RuleEngine.validateTransfer
DA:115,8
FN:118,RuleEngine.messageForTransferRestriction
FNDA:6,RuleEngine.messageForTransferRestriction
DA:121,6
DA:122,5
BRDA:122,6,0,-
BRDA:122,6,1,4
DA:123,4
DA:127,2
FN:135,RuleEngine.kill
FNDA:1,RuleEngine.kill
DA:136,0
FNF:11
FNH:11
LF:27
LH:26
BRF:14
BRH:11
end_of_record
TN:
SF:src/RuleWhiteList.sol
FN:34,RuleWhitelist.addAddressesToTheWhitelist
FNDA:13,RuleWhitelist.addAddressesToTheWhitelist
DA:37,12
DA:38,26
BRDA:38,0,0,-
BRDA:38,0,1,24
DA:39,24
DA:40,24
FN:49,RuleWhitelist.removeAddressesFromTheWhitelist
FNDA:4,RuleWhitelist.removeAddressesFromTheWhitelist
DA:52,3
DA:53,7
BRDA:53,1,0,-
BRDA:53,1,1,6
DA:54,6
DA:55,6
FN:64,RuleWhitelist.addAddressToTheWhitelist
FNDA:20,RuleWhitelist.addAddressToTheWhitelist
DA:67,19
BRDA:67,2,0,1
BRDA:67,2,1,18
DA:71,18
BRDA:71,3,0,18
BRDA:71,3,1,18
DA:72,18
DA:73,18
FN:82,RuleWhitelist.removeAddressFromTheWhitelist
FNDA:3,RuleWhitelist.removeAddressFromTheWhitelist
DA:85,2
BRDA:85,4,0,1
BRDA:85,4,1,1
DA:89,1
BRDA:89,5,0,1
BRDA:89,5,1,1
DA:90,1
DA:91,1
FN:100,RuleWhitelist.numberWhitelistedAddress
FNDA:20,RuleWhitelist.numberWhitelistedAddress
DA:101,20
FN:110,RuleWhitelist.addressIsWhitelisted
FNDA:50,RuleWhitelist.addressIsWhitelisted
DA:113,50
FN:116,RuleWhitelist.validateTransfer
FNDA:2,RuleWhitelist.validateTransfer
DA:121,2
FN:124,RuleWhitelist.detectTransferRestriction
FNDA:18,RuleWhitelist.detectTransferRestriction
DA:129,20
BRDA:129,6,0,9
BRDA:129,6,1,11
DA:130,9
DA:132,11
BRDA:132,7,0,3
BRDA:132,7,1,8
DA:133,3
DA:136,8
FN:139,RuleWhitelist.canReturnTransferRestrictionCode
FNDA:8,RuleWhitelist.canReturnTransferRestrictionCode
DA:143,8
BRDA:142,8,0,6
BRDA:142,8,1,2
DA:146,6
DA:148,2
FN:151,RuleWhitelist.messageForTransferRestriction
FNDA:7,RuleWhitelist.messageForTransferRestriction
DA:154,7
BRDA:154,9,0,4
BRDA:154,9,1,3
DA:155,4
DA:156,3
BRDA:156,10,0,2
BRDA:156,10,1,1
DA:157,2
DA:159,1
FN:169,RuleWhitelist.kill
FNDA:1,RuleWhitelist.kill
DA:170,0
FNF:11
FNH:11
LF:33
LH:32
BRF:22
BRH:20
end_of_record
