TN:
SF:script/CMTATWithRuleEngineScript.s.sol
FN:14,CMTATWithRuleEngineScript.run
FNDA:0,CMTATWithRuleEngineScript.run
DA:16,0
DA:16,0
DA:16,0
DA:17,0
DA:17,0
DA:17,0
DA:18,0
DA:18,0
DA:18,0
DA:19,0
DA:19,0
DA:20,0
DA:20,0
DA:21,0
DA:21,0
DA:23,0
DA:23,0
DA:23,0
DA:36,0
DA:36,0
DA:38,0
DA:38,0
DA:38,0
DA:42,0
DA:42,0
DA:44,0
DA:44,0
DA:44,0
DA:45,0
DA:45,0
DA:46,0
DA:46,0
DA:47,0
DA:47,0
DA:49,0
DA:49,0
FNF:1
FNH:0
LF:15
LH:0
BRF:0
BRH:0
end_of_record
TN:
SF:script/RuleEngineScript.s.sol
FN:16,RuleEngineScript.run
FNDA:0,RuleEngineScript.run
DA:18,0
DA:18,0
DA:18,0
DA:19,0
DA:19,0
DA:19,0
DA:20,0
DA:20,0
DA:20,0
DA:21,0
DA:21,0
DA:23,0
DA:23,0
DA:23,0
DA:24,0
DA:24,0
DA:26,0
DA:26,0
DA:26,0
DA:27,0
DA:27,0
DA:28,0
DA:28,0
DA:30,0
DA:30,0
DA:30,0
DA:33,0
DA:33,0
BRDA:33,0,0,-
BRDA:33,0,1,-
DA:34,0
DA:34,0
FNF:1
FNH:0
LF:12
LH:0
BRF:2
BRH:0
end_of_record
TN:
SF:src/RuleEngine.sol
FN:44,RuleEngine.detectTransferRestriction
FNDA:13,RuleEngine.detectTransferRestriction
DA:50,22
DA:50,22
DA:50,22
DA:51,22
DA:51,22
DA:51,22
BRDA:51,0,0,12
BRDA:51,0,1,10
DA:52,12
DA:52,12
DA:56,10
DA:56,10
DA:57,10
DA:57,10
DA:57,11
DA:57,1
DA:58,6
DA:58,6
DA:58,6
DA:63,6
DA:63,6
BRDA:63,1,0,5
BRDA:63,1,1,1
DA:64,5
DA:64,5
DA:68,5
DA:68,5
DA:68,5
FN:78,RuleEngine.validateTransfer
FNDA:9,RuleEngine.validateTransfer
DA:83,9
DA:83,9
DA:83,9
DA:83,9
DA:83,9
FN:91,RuleEngine.messageForTransferRestriction
FNDA:14,RuleEngine.messageForTransferRestriction
DA:95,14
DA:95,14
DA:96,14
DA:96,14
DA:96,16
DA:96,2
DA:97,9
DA:97,9
BRDA:97,2,0,-
BRDA:97,2,1,7
DA:98,7
DA:98,7
DA:99,7
DA:99,7
DA:103,7
DA:103,7
DA:104,7
DA:104,7
DA:104,8
DA:104,1
DA:105,2
DA:105,2
BRDA:105,3,0,-
BRDA:105,3,1,1
DA:106,1
DA:106,1
DA:107,1
DA:107,1
DA:110,6
DA:110,6
FN:116,RuleEngine.operateOnTransfer
FNDA:26,RuleEngine.operateOnTransfer
DA:118,25
DA:118,25
BRDA:118,4,0,7
BRDA:118,4,1,18
DA:119,7
DA:119,7
DA:122,18
DA:122,18
DA:122,18
FN:128,RuleEngine._msgSender
FNDA:203,RuleEngine._msgSender
DA:134,203
DA:134,203
DA:134,203
FN:140,RuleEngine._msgData
FNDA:0,RuleEngine._msgData
DA:146,0
DA:146,0
DA:146,0
FN:152,RuleEngine._contextSuffixLength
FNDA:203,RuleEngine._contextSuffixLength
DA:153,203
DA:153,203
DA:153,203
FNF:7
FNH:6
LF:27
LH:26
BRF:10
BRH:8
end_of_record
TN:
SF:src/modules/RuleEngineOperation.sol
FN:21,RuleEngineOperation.setRulesOperation
FNDA:11,RuleEngineOperation.setRulesOperation
DA:24,11
DA:24,11
BRDA:24,0,0,10
BRDA:24,0,1,11
DA:25,10
DA:25,10
DA:27,11
DA:27,11
DA:28,8
DA:28,8
FN:35,RuleEngineOperation.clearRulesOperation
FNDA:4,RuleEngineOperation.clearRulesOperation
DA:36,4
DA:36,4
FN:43,RuleEngineOperation._clearRulesOperation
FNDA:14,RuleEngineOperation._clearRulesOperation
DA:44,14
DA:44,14
DA:46,14
DA:46,14
DA:46,31
DA:46,17
DA:49,17
DA:49,17
DA:51,17
DA:51,17
DA:53,14
DA:53,14
FN:61,RuleEngineOperation.addRuleOperation
FNDA:46,RuleEngineOperation.addRuleOperation
DA:62,46
DA:62,46
DA:63,44
DA:63,44
FN:76,RuleEngineOperation.removeRuleOperation
FNDA:5,RuleEngineOperation.removeRuleOperation
DA:80,5
DA:80,5
FN:93,RuleEngineOperation._removeRuleOperation
FNDA:22,RuleEngineOperation._removeRuleOperation
DA:97,22
DA:97,22
DA:98,21
DA:98,21
FN:104,RuleEngineOperation.rulesCountOperation
FNDA:41,RuleEngineOperation.rulesCountOperation
DA:105,41
DA:105,41
FN:112,RuleEngineOperation.getRuleIndexOperation
FNDA:3,RuleEngineOperation.getRuleIndexOperation
DA:113,3
DA:113,3
DA:113,3
FN:121,RuleEngineOperation.ruleOperation
FNDA:1,RuleEngineOperation.ruleOperation
DA:122,1
DA:122,1
FN:129,RuleEngineOperation.rulesOperation
FNDA:5,RuleEngineOperation.rulesOperation
DA:130,5
DA:130,5
FN:140,RuleEngineOperation._operateOnTransfer
FNDA:18,RuleEngineOperation._operateOnTransfer
DA:145,18
DA:145,18
DA:146,18
DA:146,18
DA:146,25
DA:146,7
DA:147,14
DA:147,14
DA:147,14
DA:152,14
DA:152,14
BRDA:152,1,0,7
BRDA:152,1,1,7
DA:153,7
DA:153,7
DA:156,11
DA:156,11
FNF:11
FNH:11
LF:25
LH:25
BRF:4
BRH:4
end_of_record
TN:
SF:src/modules/RuleEngineValidation.sol
FN:24,RuleEngineValidation.setRulesValidation
FNDA:22,RuleEngineValidation.setRulesValidation
DA:27,21
DA:27,21
BRDA:27,0,0,20
BRDA:27,0,1,21
DA:28,20
DA:28,20
DA:30,21
DA:30,21
DA:31,18
DA:31,18
FN:38,RuleEngineValidation.clearRulesValidation
FNDA:6,RuleEngineValidation.clearRulesValidation
DA:39,5
DA:39,5
FN:46,RuleEngineValidation._clearRulesValidation
FNDA:25,RuleEngineValidation._clearRulesValidation
DA:47,25
DA:47,25
DA:49,25
DA:49,25
DA:49,53
DA:49,28
DA:52,28
DA:52,28
DA:54,28
DA:54,28
DA:56,25
DA:56,25
FN:64,RuleEngineValidation.addRuleValidation
FNDA:67,RuleEngineValidation.addRuleValidation
DA:65,66
DA:65,66
DA:66,64
DA:66,64
FN:79,RuleEngineValidation.removeRuleValidation
FNDA:6,RuleEngineValidation.removeRuleValidation
DA:83,5
DA:83,5
FN:96,RuleEngineValidation._removeRuleValidation
FNDA:33,RuleEngineValidation._removeRuleValidation
DA:100,33
DA:100,33
DA:101,32
DA:101,32
FN:107,RuleEngineValidation.rulesCountValidation
FNDA:69,RuleEngineValidation.rulesCountValidation
DA:108,69
DA:108,69
FN:115,RuleEngineValidation.getRuleIndexValidation
FNDA:3,RuleEngineValidation.getRuleIndexValidation
DA:116,3
DA:116,3
DA:116,3
FN:124,RuleEngineValidation.ruleValidation
FNDA:1,RuleEngineValidation.ruleValidation
DA:125,1
DA:125,1
FN:132,RuleEngineValidation.rulesValidation
FNDA:5,RuleEngineValidation.rulesValidation
DA:133,5
DA:133,5
FN:143,RuleEngineValidation.detectTransferRestrictionValidation
FNDA:3,RuleEngineValidation.detectTransferRestrictionValidation
DA:148,52
DA:148,52
DA:149,52
DA:149,52
DA:149,62
DA:149,10
DA:150,32
DA:150,32
DA:150,32
DA:155,32
DA:155,32
BRDA:155,1,0,22
BRDA:155,1,1,10
DA:156,22
DA:156,22
DA:160,30
DA:160,30
DA:160,30
FN:170,RuleEngineValidation.validateTransferValidation
FNDA:2,RuleEngineValidation.validateTransferValidation
DA:175,27
DA:175,27
DA:175,27
DA:175,27
DA:175,27
FNF:12
FNH:12
LF:26
LH:26
BRF:4
BRH:4
end_of_record
TN:
SF:src/modules/RuleInternal.sol
FN:20,RuleInternal._setRules
FNDA:32,RuleInternal._setRules
DA:23,32
DA:23,32
BRDA:23,0,0,2
BRDA:23,0,1,30
DA:24,2
DA:24,2
DA:26,30
DA:26,30
DA:26,74
DA:27,48
DA:27,48
DA:27,48
DA:27,48
BRDA:27,1,0,2
BRDA:27,1,1,46
DA:28,2
DA:28,2
DA:30,46
BRDA:30,2,0,2
BRDA:30,2,1,44
DA:31,2
DA:31,2
DA:33,44
DA:33,44
DA:34,44
DA:34,44
DA:36,44
DA:36,44
FN:46,RuleInternal._addRule
FNDA:112,RuleInternal._addRule
DA:47,112
DA:47,112
DA:47,112
DA:47,112
BRDA:47,3,0,2
BRDA:47,3,1,110
DA:49,2
DA:49,2
DA:51,110
BRDA:51,4,0,2
BRDA:51,4,1,108
DA:53,2
DA:53,2
DA:55,108
DA:55,108
DA:56,108
DA:56,108
FN:69,RuleInternal._removeRule
FNDA:55,RuleInternal._removeRule
DA:74,55
DA:74,55
BRDA:74,5,0,2
BRDA:74,5,1,53
DA:76,2
DA:76,2
DA:78,53
DA:78,53
DA:78,53
BRDA:78,6,0,-
BRDA:78,6,1,4
DA:79,4
DA:79,4
DA:81,53
DA:81,53
DA:82,53
DA:82,53
DA:83,53
DA:83,53
FN:90,RuleInternal.getRuleIndex
FNDA:6,RuleInternal.getRuleIndex
DA:91,6
DA:91,6
DA:92,6
DA:92,6
DA:92,12
DA:93,10
DA:93,10
BRDA:93,7,0,4
BRDA:93,7,1,6
DA:94,4
DA:94,4
DA:97,6
DA:97,6
DA:100,2
DA:100,2
FNF:4
FNH:4
LF:29
LH:29
BRF:16
BRH:15
end_of_record
TN:
SF:src/rules/operation/RuleConditionalTransfer.sol
FN:45,RuleConditionalTransfer.createTransferRequest
FNDA:51,RuleConditionalTransfer.createTransferRequest
DA:51,51
DA:51,51
DA:51,51
DA:52,51
DA:52,51
DA:52,51
DA:53,51
DA:53,51
BRDA:53,0,0,1
BRDA:53,0,1,50
DA:54,1
DA:54,1
DA:57,50
DA:57,50
BRDA:57,1,0,-
BRDA:57,1,1,47
DA:58,47
DA:58,47
DA:59,47
DA:59,47
DA:59,47
DA:70,47
DA:70,47
DA:71,47
DA:71,47
DA:72,47
DA:72,47
DA:73,47
DA:73,47
DA:76,3
DA:76,3
DA:77,3
DA:77,3
DA:78,3
DA:78,3
FN:85,RuleConditionalTransfer.cancelTransferRequest
FNDA:5,RuleConditionalTransfer.cancelTransferRequest
DA:88,5
DA:88,5
DA:88,5
BRDA:88,2,0,1
BRDA:88,2,1,4
DA:89,1
DA:89,1
DA:91,4
DA:91,4
DA:93,4
DA:93,4
DA:93,4
BRDA:93,3,0,1
BRDA:93,3,1,3
DA:94,1
DA:94,1
DA:97,3
DA:97,3
DA:97,3
DA:98,2
DA:98,2
BRDA:97,4,0,1
BRDA:97,4,1,2
DA:100,1
DA:100,1
DA:102,2
DA:102,2
FN:106,RuleConditionalTransfer.getRequestTrade
FNDA:31,RuleConditionalTransfer.getRequestTrade
DA:107,31
DA:107,31
DA:107,31
DA:108,31
DA:108,31
FN:116,RuleConditionalTransfer.getRequestByStatus
FNDA:23,RuleConditionalTransfer.getRequestByStatus
DA:117,23
DA:117,23
DA:118,23
DA:118,23
DA:119,23
DA:119,23
DA:122,23
DA:122,23
DA:122,49
DA:122,26
DA:123,26
DA:123,26
BRDA:123,5,0,24
BRDA:123,5,1,26
DA:124,24
DA:124,24
DA:129,23
DA:129,23
DA:129,23
DA:132,23
DA:132,23
DA:132,49
DA:132,26
DA:133,26
DA:133,26
BRDA:133,6,0,-
BRDA:133,6,1,24
DA:135,24
DA:135,24
DA:136,24
DA:136,24
DA:137,24
DA:137,24
DA:140,23
DA:140,23
FN:147,RuleConditionalTransfer.operateOnTransfer
FNDA:14,RuleConditionalTransfer.operateOnTransfer
DA:153,14
DA:153,14
BRDA:153,7,0,2
BRDA:153,7,1,12
DA:154,2
DA:154,2
DA:156,12
DA:156,12
DA:156,12
DA:157,12
DA:157,12
BRDA:157,8,0,5
BRDA:157,8,1,7
DA:158,5
DA:158,5
DA:159,5
DA:159,5
DA:161,7
DA:161,7
FN:171,RuleConditionalTransfer.detectTransferRestriction
FNDA:8,RuleConditionalTransfer.detectTransferRestriction
DA:176,8
DA:176,8
DA:176,8
DA:177,8
DA:177,8
DA:177,8
DA:177,8
BRDA:177,9,0,6
BRDA:177,9,1,2
DA:178,6
DA:178,6
DA:181,2
DA:181,2
DA:181,2
FN:190,RuleConditionalTransfer.canReturnTransferRestrictionCode
FNDA:2,RuleConditionalTransfer.canReturnTransferRestrictionCode
DA:193,2
DA:193,2
DA:194,2
DA:194,2
FN:202,RuleConditionalTransfer.messageForTransferRestriction
FNDA:3,RuleConditionalTransfer.messageForTransferRestriction
DA:205,3
DA:205,3
BRDA:205,10,0,2
BRDA:205,10,1,1
DA:206,2
DA:206,2
DA:208,1
DA:208,1
FN:219,RuleConditionalTransfer._validateBurnMint
FNDA:22,RuleConditionalTransfer._validateBurnMint
DA:225,22
DA:225,22
BRDA:224,11,0,2
BRDA:224,11,1,20
DA:228,2
DA:228,2
DA:230,20
DA:230,20
FN:239,RuleConditionalTransfer._validateApproval
FNDA:20,RuleConditionalTransfer._validateApproval
DA:242,20
DA:242,20
DA:242,20
DA:243,20
DA:243,20
DA:243,20
DA:245,20
DA:245,20
BRDA:245,12,0,7
BRDA:245,12,1,13
DA:247,7
DA:247,7
DA:249,13
DA:249,13
FN:256,RuleConditionalTransfer._msgSender
FNDA:221,RuleConditionalTransfer._msgSender
DA:262,221
DA:262,221
DA:262,221
FN:268,RuleConditionalTransfer._msgData
FNDA:0,RuleConditionalTransfer._msgData
DA:274,0
DA:274,0
DA:274,0
FN:280,RuleConditionalTransfer._contextSuffixLength
FNDA:221,RuleConditionalTransfer._contextSuffixLength
DA:281,221
DA:281,221
DA:281,221
FNF:13
FNH:12
LF:65
LH:64
BRF:26
BRH:24
end_of_record
TN:
SF:src/rules/operation/abstract/RuleConditionalTransferOperator.sol
FN:26,RuleConditionalTransferOperator.setIssuanceOptions
FNDA:3,RuleConditionalTransferOperator.setIssuanceOptions
DA:27,2
DA:27,2
BRDA:27,0,0,1
BRDA:27,0,1,2
DA:28,1
DA:28,1
DA:30,2
DA:30,2
BRDA:30,1,0,1
BRDA:30,1,1,2
DA:31,1
DA:31,1
FN:35,RuleConditionalTransferOperator.setAutomaticTransfer
FNDA:2,RuleConditionalTransferOperator.setAutomaticTransfer
DA:36,1
DA:36,1
BRDA:36,2,0,1
BRDA:36,2,1,1
DA:37,1
DA:37,1
DA:40,1
DA:40,1
DA:40,1
DA:40,1
BRDA:40,3,0,1
BRDA:40,3,1,1
DA:41,1
DA:41,1
FN:49,RuleConditionalTransferOperator.setTimeLimit
FNDA:3,RuleConditionalTransferOperator.setTimeLimit
DA:50,2
DA:50,2
BRDA:50,4,0,2
BRDA:50,4,1,2
DA:51,2
DA:51,2
DA:53,2
DA:53,2
BRDA:53,5,0,2
BRDA:53,5,1,2
DA:54,2
DA:54,2
FN:58,RuleConditionalTransferOperator.setAutomaticApproval
FNDA:3,RuleConditionalTransferOperator.setAutomaticApproval
DA:59,2
DA:59,2
BRDA:59,6,0,2
BRDA:59,6,1,2
DA:60,2
DA:60,2
DA:62,2
DA:62,2
BRDA:62,7,0,2
BRDA:62,7,1,2
DA:63,2
DA:63,2
FN:68,RuleConditionalTransferOperator.createTransferRequestWithApproval
FNDA:6,RuleConditionalTransferOperator.createTransferRequestWithApproval
DA:71,5
DA:71,5
FN:74,RuleConditionalTransferOperator._createTransferRequestWithApproval
FNDA:0,RuleConditionalTransferOperator._createTransferRequestWithApproval
DA:80,8
DA:80,8
DA:80,8
DA:82,8
DA:82,8
BRDA:82,8,0,-
BRDA:82,8,1,7
DA:83,7
DA:83,7
DA:83,7
DA:93,7
DA:93,7
DA:94,7
DA:94,7
DA:95,7
DA:95,7
DA:96,7
DA:96,7
DA:99,1
DA:99,1
DA:100,1
DA:100,1
DA:101,1
DA:101,1
FN:112,RuleConditionalTransferOperator.approveTransferRequest
FNDA:21,RuleConditionalTransferOperator.approveTransferRequest
DA:115,20
DA:115,20
BRDA:115,9,0,-
BRDA:115,9,1,20
DA:116,0
DA:116,0
DA:118,20
DA:118,20
DA:118,20
DA:119,20
DA:119,20
DA:120,20
DA:120,20
BRDA:120,10,0,-
BRDA:120,10,1,3
DA:121,3
DA:121,3
BRDA:121,11,0,-
BRDA:121,11,1,3
DA:122,0
DA:122,0
DA:125,3
DA:125,3
DA:127,3
DA:127,3
DA:129,17
DA:129,17
FN:133,RuleConditionalTransferOperator.approveTransferRequestWithId
FNDA:5,RuleConditionalTransferOperator.approveTransferRequestWithId
DA:136,4
DA:136,4
DA:136,4
BRDA:136,12,0,2
BRDA:136,12,1,2
DA:137,2
DA:137,2
DA:139,2
DA:139,2
DA:140,2
DA:140,2
FN:143,RuleConditionalTransferOperator.approveTransferRequestBatchWithId
FNDA:4,RuleConditionalTransferOperator.approveTransferRequestBatchWithId
DA:147,3
DA:147,3
DA:147,13
DA:147,10
DA:148,11
DA:148,11
DA:148,11
BRDA:148,13,0,1
BRDA:148,13,1,10
DA:149,1
DA:149,1
DA:152,2
DA:152,2
DA:152,6
DA:152,4
DA:153,5
DA:153,5
DA:154,5
DA:154,5
FN:158,RuleConditionalTransferOperator.resetRequestStatus
FNDA:3,RuleConditionalTransferOperator.resetRequestStatus
DA:161,2
DA:161,2
DA:161,2
BRDA:161,14,0,1
BRDA:161,14,1,1
DA:162,1
DA:162,1
DA:164,1
DA:164,1
DA:165,1
DA:165,1
FN:168,RuleConditionalTransferOperator._resetRequestStatus
FNDA:3,RuleConditionalTransferOperator._resetRequestStatus
DA:171,3
DA:171,3
DA:172,3
DA:172,3
FN:175,RuleConditionalTransferOperator._checkRequestStatus
FNDA:58,RuleConditionalTransferOperator._checkRequestStatus
DA:176,58
DA:176,58
DA:176,58
FN:179,RuleConditionalTransferOperator._approveRequest
FNDA:27,RuleConditionalTransferOperator._approveRequest
DA:181,27
DA:181,27
BRDA:181,15,0,1
BRDA:181,15,1,26
DA:182,1
DA:182,1
DA:184,26
BRDA:184,16,0,1
BRDA:184,16,1,1
DA:186,16
DA:186,16
BRDA:186,17,0,3
BRDA:186,17,1,13
DA:187,3
DA:187,3
DA:190,13
DA:190,13
DA:192,13
DA:192,13
DA:193,13
DA:193,13
DA:194,13
DA:194,13
DA:194,1
DA:194,1
DA:194,1
BRDA:194,18,0,1
BRDA:194,18,1,1
DA:197,1
DA:197,1
DA:197,1
BRDA:197,19,0,1
BRDA:197,19,1,1
DA:200,1
DA:200,1
DA:204,10
DA:204,10
DA:205,10
DA:205,10
FN:209,RuleConditionalTransferOperator._updateProcessedTransfer
FNDA:5,RuleConditionalTransferOperator._updateProcessedTransfer
DA:211,5
DA:211,5
DA:212,5
DA:212,5
DA:214,5
DA:214,5
DA:216,5
DA:216,5
FNF:14
FNH:13
LF:71
LH:69
BRF:40
BRH:36
end_of_record
TN:
SF:src/rules/validation/RuleBlacklist.sol
FN:29,RuleBlacklist.detectTransferRestriction
FNDA:10,RuleBlacklist.detectTransferRestriction
DA:34,10
DA:34,10
BRDA:34,0,0,5
BRDA:34,0,1,5
DA:35,5
DA:35,5
DA:36,5
DA:36,5
BRDA:36,1,0,2
BRDA:36,1,1,3
DA:37,2
DA:37,2
DA:39,3
DA:39,3
DA:39,3
FN:48,RuleBlacklist.canReturnTransferRestrictionCode
FNDA:4,RuleBlacklist.canReturnTransferRestrictionCode
DA:51,4
DA:51,4
DA:52,4
DA:52,4
DA:52,4
DA:53,2
DA:53,2
FN:61,RuleBlacklist.messageForTransferRestriction
FNDA:4,RuleBlacklist.messageForTransferRestriction
DA:64,4
DA:64,4
BRDA:64,2,0,2
BRDA:64,2,1,2
DA:65,2
DA:65,2
DA:66,2
DA:66,2
BRDA:66,3,0,1
BRDA:66,3,1,1
DA:67,1
DA:67,1
DA:69,1
DA:69,1
FNF:3
FNH:3
LF:13
LH:13
BRF:8
BRH:8
end_of_record
TN:
SF:src/rules/validation/RuleSanctionList.sol
FN:36,RuleSanctionList.setSanctionListOracle
FNDA:10,RuleSanctionList.setSanctionListOracle
DA:39,9
DA:39,9
FN:48,RuleSanctionList.detectTransferRestriction
FNDA:7,RuleSanctionList.detectTransferRestriction
DA:53,7
DA:53,7
DA:53,7
DA:53,7
BRDA:53,0,0,2
BRDA:53,0,1,3
DA:54,7
DA:54,7
BRDA:54,1,0,2
BRDA:54,1,1,5
DA:55,2
DA:55,2
DA:56,5
DA:56,5
BRDA:56,2,0,2
BRDA:56,2,1,3
DA:57,2
DA:57,2
DA:60,3
DA:60,3
DA:60,3
FN:68,RuleSanctionList.canReturnTransferRestrictionCode
FNDA:3,RuleSanctionList.canReturnTransferRestrictionCode
DA:71,3
DA:71,3
DA:72,3
DA:72,3
DA:72,3
DA:73,2
DA:73,2
FN:81,RuleSanctionList.messageForTransferRestriction
FNDA:3,RuleSanctionList.messageForTransferRestriction
DA:84,3
DA:84,3
BRDA:84,3,0,1
BRDA:84,3,1,2
DA:85,1
DA:85,1
DA:86,2
DA:86,2
BRDA:86,4,0,1
BRDA:86,4,1,1
DA:87,1
DA:87,1
DA:89,1
DA:89,1
FN:96,RuleSanctionList._msgSender
FNDA:10,RuleSanctionList._msgSender
DA:102,10
DA:102,10
DA:102,10
FN:108,RuleSanctionList._msgData
FNDA:0,RuleSanctionList._msgData
DA:114,0
DA:114,0
DA:114,0
FN:120,RuleSanctionList._contextSuffixLength
FNDA:10,RuleSanctionList._contextSuffixLength
DA:121,10
DA:121,10
DA:121,10
FNF:7
FNH:6
LF:18
LH:17
BRF:10
BRH:10
end_of_record
TN:
SF:src/rules/validation/RuleWhitelist.sol
FN:29,RuleWhitelist.detectTransferRestriction
FNDA:28,RuleWhitelist.detectTransferRestriction
DA:34,28
DA:34,28
BRDA:34,0,0,13
BRDA:34,0,1,15
DA:35,13
DA:35,13
DA:36,15
DA:36,15
BRDA:36,1,0,5
BRDA:36,1,1,10
DA:37,5
DA:37,5
DA:39,10
DA:39,10
DA:39,10
FN:48,RuleWhitelist.canReturnTransferRestrictionCode
FNDA:8,RuleWhitelist.canReturnTransferRestrictionCode
DA:51,8
DA:51,8
DA:52,8
DA:52,8
DA:52,8
DA:53,4
DA:53,4
FN:61,RuleWhitelist.messageForTransferRestriction
FNDA:7,RuleWhitelist.messageForTransferRestriction
DA:64,7
DA:64,7
BRDA:64,2,0,4
BRDA:64,2,1,3
DA:65,4
DA:65,4
DA:66,3
DA:66,3
BRDA:66,3,0,2
BRDA:66,3,1,1
DA:67,2
DA:67,2
DA:69,1
DA:69,1
FNF:3
FNH:3
LF:13
LH:13
BRF:8
BRH:8
end_of_record
TN:
SF:src/rules/validation/abstract/RuleAddressList/RuleAddressList.sol
FN:39,RuleAddressList.addAddressesToTheList
FNDA:15,RuleAddressList.addAddressesToTheList
DA:42,14
DA:42,14
FN:51,RuleAddressList.removeAddressesFromTheList
FNDA:4,RuleAddressList.removeAddressesFromTheList
DA:54,3
DA:54,3
FN:62,RuleAddressList.addAddressToTheList
FNDA:28,RuleAddressList.addAddressToTheList
DA:65,27
DA:65,27
FN:74,RuleAddressList.removeAddressFromTheList
FNDA:3,RuleAddressList.removeAddressFromTheList
DA:77,2
DA:77,2
FN:85,RuleAddressList.numberListedAddress
FNDA:24,RuleAddressList.numberListedAddress
DA:86,24
DA:86,24
DA:86,24
FN:96,RuleAddressList.addressIsListed
FNDA:57,RuleAddressList.addressIsListed
DA:99,115
DA:99,115
DA:99,115
FN:106,RuleAddressList._msgSender
FNDA:60,RuleAddressList._msgSender
DA:112,60
DA:112,60
DA:112,60
FN:118,RuleAddressList._msgData
FNDA:0,RuleAddressList._msgData
DA:124,0
DA:124,0
DA:124,0
FN:130,RuleAddressList._contextSuffixLength
FNDA:60,RuleAddressList._contextSuffixLength
DA:131,60
DA:131,60
DA:131,60
FNF:9
FNH:8
LF:9
LH:8
BRF:0
BRH:0
end_of_record
TN:
SF:src/rules/validation/abstract/RuleAddressList/RuleAddressListInternal.sol
FN:23,RuleAddressListInternal._addAddressesToThelist
FNDA:14,RuleAddressListInternal._addAddressesToThelist
DA:26,14
DA:26,14
DA:27,14
DA:27,14
DA:27,44
DA:27,30
DA:28,30
DA:28,30
BRDA:28,0,0,-
BRDA:28,0,1,28
DA:29,28
DA:29,28
DA:30,28
DA:30,28
DA:33,14
DA:33,14
FN:42,RuleAddressListInternal._removeAddressesFromThelist
FNDA:3,RuleAddressListInternal._removeAddressesFromThelist
DA:45,3
DA:45,3
DA:46,3
DA:46,3
DA:46,10
DA:46,7
DA:47,7
BRDA:47,1,0,-
BRDA:47,1,1,6
DA:48,6
DA:48,6
DA:49,6
DA:49,6
DA:52,3
DA:52,3
FN:60,RuleAddressListInternal._addAddressToThelist
FNDA:27,RuleAddressListInternal._addAddressToThelist
DA:63,27
BRDA:63,2,0,1
BRDA:63,2,1,26
DA:65,1
DA:65,1
DA:67,26
DA:67,26
DA:68,26
DA:68,26
FN:77,RuleAddressListInternal._removeAddressFromThelist
FNDA:2,RuleAddressListInternal._removeAddressFromThelist
DA:80,2
DA:80,2
BRDA:80,3,0,1
BRDA:80,3,1,1
DA:81,1
DA:81,1
DA:83,1
DA:83,1
DA:84,1
DA:84,1
FN:92,RuleAddressListInternal._numberListedAddress
FNDA:24,RuleAddressListInternal._numberListedAddress
DA:93,24
DA:93,24
FN:102,RuleAddressListInternal._addressIsListed
FNDA:115,RuleAddressListInternal._addressIsListed
DA:105,115
DA:105,115
FNF:6
FNH:6
LF:22
LH:22
BRF:8
BRH:6
end_of_record
TN:
SF:src/rules/validation/abstract/RuleValidateTransfer.sol
FN:15,RuleValidateTransfer.validateTransfer
FNDA:7,RuleValidateTransfer.validateTransfer
DA:21,7
DA:21,7
DA:22,7
DA:22,7
DA:22,7
DA:23,7
DA:23,7
FNF:1
FNH:1
LF:3
LH:3
BRF:0
BRH:0
end_of_record
TN:
SF:test/utils/SanctionListOracle.sol
FN:15,SanctionListOracle.addToSanctionsList
FNDA:10,SanctionListOracle.addToSanctionsList
DA:16,10
DA:16,10
FN:19,SanctionListOracle.removeFromSanctionsList
FNDA:0,SanctionListOracle.removeFromSanctionsList
DA:20,0
DA:20,0
FN:23,SanctionListOracle.isSanctioned
FNDA:12,SanctionListOracle.isSanctioned
DA:24,12
DA:24,12
DA:24,12
FNF:3
FNH:2
LF:3
LH:2
BRF:0
BRH:0
end_of_record
