TN:
SF:script/CMTATWithRuleEngine.s.sol
FN:11,MyScript.run
FNDA:0,MyScript.run
DA:13,0
DA:14,0
DA:15,0
DA:16,0
DA:19,0
DA:20,0
DA:21,0
DA:29,0
DA:30,0
DA:32,0
DA:33,0
DA:34,0
DA:35,0
FNF:1
FNH:0
LF:13
LH:0
BRF:0
BRH:0
end_of_record
TN:
SF:script/RuleEngine.s.sol
FN:11,MyScript.run
FNDA:0,MyScript.run
DA:13,0
DA:14,0
DA:15,0
DA:17,0
DA:18,0
DA:20,0
DA:21,0
DA:23,0
DA:25,0
BRDA:25,0,0,-
BRDA:25,0,1,-
DA:26,0
FNF:1
FNH:0
LF:10
LH:0
BRF:2
BRH:0
end_of_record
TN:
SF:src/RuleEngine.sol
FN:26,RuleEngine.setRules
FNDA:8,RuleEngine.setRules
DA:29,7
BRDA:29,0,0,1
BRDA:29,0,1,6
DA:30,6
DA:31,11
BRDA:31,1,0,1
BRDA:31,1,1,10
DA:36,5
FN:43,RuleEngine.clearRules
FNDA:3,RuleEngine.clearRules
DA:44,2
FN:52,RuleEngine.addRule
FNDA:7,RuleEngine.addRule
DA:53,6
BRDA:53,2,0,1
BRDA:53,2,1,5
DA:57,5
FN:67,RuleEngine.removeRule
FNDA:7,RuleEngine.removeRule
DA:68,6
DA:69,7
BRDA:69,3,0,-
BRDA:69,3,1,4
DA:70,4
BRDA:70,4,0,-
BRDA:70,4,1,2
DA:71,2
DA:73,4
DA:74,4
FN:79,RuleEngine.ruleLength
FNDA:20,RuleEngine.ruleLength
DA:80,20
FN:83,RuleEngine.rule
FNDA:1,RuleEngine.rule
DA:84,1
FN:87,RuleEngine.rules
FNDA:2,RuleEngine.rules
DA:88,2
FN:91,RuleEngine.detectTransferRestriction
FNDA:7,RuleEngine.detectTransferRestriction
DA:96,15
DA:97,15
DA:102,15
BRDA:102,5,0,10
BRDA:102,5,1,5
DA:103,10
DA:106,5
FN:109,RuleEngine.validateTransfer
FNDA:8,RuleEngine.validateTransfer
DA:114,8
FN:117,RuleEngine.messageForTransferRestriction
FNDA:6,RuleEngine.messageForTransferRestriction
DA:120,6
DA:121,5
BRDA:121,6,0,-
BRDA:121,6,1,4
DA:122,4
DA:126,2
FN:134,RuleEngine.kill
FNDA:1,RuleEngine.kill
DA:135,0
FNF:11
FNH:11
LF:27
LH:26
BRF:14
BRH:11
end_of_record
TN:
SF:src/RuleWhiteList.sol
FN:33,RuleWhitelist.addAddressesToTheWhitelist
FNDA:13,RuleWhitelist.addAddressesToTheWhitelist
DA:36,12
DA:37,26
BRDA:37,0,0,-
BRDA:37,0,1,24
DA:38,24
DA:39,24
FN:48,RuleWhitelist.removeAddressesFromTheWhitelist
FNDA:4,RuleWhitelist.removeAddressesFromTheWhitelist
DA:51,3
DA:52,7
BRDA:52,1,0,-
BRDA:52,1,1,6
DA:53,6
DA:54,6
FN:63,RuleWhitelist.addAddressToTheWhitelist
FNDA:20,RuleWhitelist.addAddressToTheWhitelist
DA:66,19
BRDA:66,2,0,1
BRDA:66,2,1,18
DA:70,18
BRDA:70,3,0,18
BRDA:70,3,1,18
DA:71,18
DA:72,18
FN:81,RuleWhitelist.removeAddressFromTheWhitelist
FNDA:3,RuleWhitelist.removeAddressFromTheWhitelist
DA:84,2
BRDA:84,4,0,1
BRDA:84,4,1,1
DA:88,1
BRDA:88,5,0,1
BRDA:88,5,1,1
DA:89,1
DA:90,1
FN:99,RuleWhitelist.numberWhitelistedAddress
FNDA:20,RuleWhitelist.numberWhitelistedAddress
DA:100,20
FN:109,RuleWhitelist.addressIsWhitelisted
FNDA:50,RuleWhitelist.addressIsWhitelisted
DA:112,50
FN:115,RuleWhitelist.validateTransfer
FNDA:2,RuleWhitelist.validateTransfer
DA:120,2
FN:123,RuleWhitelist.detectTransferRestriction
FNDA:18,RuleWhitelist.detectTransferRestriction
DA:128,20
BRDA:128,6,0,9
BRDA:128,6,1,11
DA:129,9
DA:131,11
BRDA:131,7,0,3
BRDA:131,7,1,8
DA:132,3
DA:135,8
FN:138,RuleWhitelist.canReturnTransferRestrictionCode
FNDA:8,RuleWhitelist.canReturnTransferRestrictionCode
DA:142,8
BRDA:141,8,0,6
BRDA:141,8,1,2
DA:145,6
DA:147,2
FN:150,RuleWhitelist.messageForTransferRestriction
FNDA:7,RuleWhitelist.messageForTransferRestriction
DA:153,7
BRDA:153,9,0,4
BRDA:153,9,1,3
DA:154,4
DA:155,3
BRDA:155,10,0,2
BRDA:155,10,1,1
DA:156,2
DA:158,1
FN:168,RuleWhitelist.kill
FNDA:1,RuleWhitelist.kill
DA:169,0
FNF:11
FNH:11
LF:33
LH:32
BRF:22
BRH:20
end_of_record
