TN:
SF:script/CMTATWithRuleEngineScript.s.sol
FN:15,CMTATWithRuleEngineScript.run
FNDA:0,CMTATWithRuleEngineScript.run
DA:17,0
DA:17,0
DA:17,0
DA:18,0
DA:18,0
DA:18,0
DA:19,0
DA:19,0
DA:19,0
DA:20,0
DA:20,0
DA:21,0
DA:21,0
DA:22,0
DA:22,0
DA:24,0
DA:24,0
DA:24,0
DA:37,0
DA:37,0
DA:39,0
DA:39,0
DA:39,0
DA:43,0
DA:43,0
DA:45,0
DA:45,0
DA:45,0
DA:50,0
DA:50,0
DA:51,0
DA:51,0
DA:52,0
DA:52,0
DA:54,0
DA:54,0
FNF:1
FNH:0
LF:15
LH:0
BRF:0
BRH:0
end_of_record
TN:
SF:script/RuleEngineScript.s.sol
FN:16,RuleEngineScript.run
FNDA:0,RuleEngineScript.run
DA:18,0
DA:18,0
DA:18,0
DA:19,0
DA:19,0
DA:19,0
DA:20,0
DA:20,0
DA:20,0
DA:21,0
DA:21,0
DA:23,0
DA:23,0
DA:23,0
DA:24,0
DA:24,0
DA:26,0
DA:26,0
DA:26,0
DA:27,0
DA:27,0
DA:28,0
DA:28,0
DA:30,0
DA:30,0
DA:30,0
DA:33,0
DA:33,0
BRDA:33,0,0,-
BRDA:33,0,1,-
DA:34,0
DA:34,0
FNF:1
FNH:0
LF:12
LH:0
BRF:2
BRH:0
end_of_record
TN:
SF:src/RuleEngine.sol
FN:47,RuleEngine.detectTransferRestriction
FNDA:17,RuleEngine.detectTransferRestriction
DA:53,26
DA:53,26
DA:53,26
DA:58,26
DA:58,26
DA:58,26
BRDA:58,0,0,15
BRDA:58,0,1,11
DA:59,15
DA:59,15
DA:63,11
DA:63,11
DA:64,11
DA:64,11
DA:64,12
DA:64,1
DA:65,6
DA:65,6
DA:65,6
DA:67,6
DA:67,6
BRDA:67,1,0,5
BRDA:67,1,1,1
DA:68,5
DA:68,5
DA:72,6
DA:72,6
DA:72,6
FN:82,RuleEngine.validateTransfer
FNDA:9,RuleEngine.validateTransfer
DA:87,9
DA:87,9
DA:88,9
DA:88,9
DA:88,9
DA:89,9
DA:89,9
FN:97,RuleEngine.messageForTransferRestriction
FNDA:18,RuleEngine.messageForTransferRestriction
DA:101,18
DA:101,18
DA:102,18
DA:102,18
DA:102,21
DA:102,3
DA:104,13
DA:104,13
BRDA:103,2,0,-
BRDA:103,2,1,10
DA:107,10
DA:107,10
DA:108,10
DA:108,10
DA:113,8
DA:113,8
DA:114,8
DA:114,8
DA:114,9
DA:114,1
DA:116,2
DA:116,2
BRDA:115,3,0,-
BRDA:115,3,1,1
DA:119,1
DA:119,1
DA:120,1
DA:120,1
DA:124,7
DA:124,7
FN:130,RuleEngine.operateOnTransfer
FNDA:52,RuleEngine.operateOnTransfer
DA:137,51
DA:137,51
BRDA:136,4,0,10
BRDA:136,4,1,41
DA:139,10
DA:139,10
DA:142,41
DA:142,41
DA:142,41
FN:148,RuleEngine._msgSender
FNDA:263,RuleEngine._msgSender
DA:154,263
DA:154,263
DA:154,263
FN:160,RuleEngine._msgData
FNDA:0,RuleEngine._msgData
DA:166,0
DA:166,0
DA:166,0
FN:172,RuleEngine._contextSuffixLength
FNDA:263,RuleEngine._contextSuffixLength
DA:178,263
DA:178,263
DA:178,263
FNF:7
FNH:6
LF:29
LH:28
BRF:10
BRH:8
end_of_record
TN:
SF:src/modules/RuleEngineOperation.sol
FN:26,RuleEngineOperation.setRulesOperation
FNDA:11,RuleEngineOperation.setRulesOperation
DA:29,11
DA:29,11
BRDA:29,0,0,10
BRDA:29,0,1,11
DA:30,10
DA:30,10
DA:32,11
DA:32,11
DA:33,8
DA:33,8
FN:40,RuleEngineOperation.clearRulesOperation
FNDA:4,RuleEngineOperation.clearRulesOperation
DA:41,4
DA:41,4
FN:48,RuleEngineOperation._clearRulesOperation
FNDA:14,RuleEngineOperation._clearRulesOperation
DA:49,14
DA:49,14
DA:51,14
DA:51,14
DA:51,31
DA:51,17
DA:54,17
DA:54,17
DA:56,17
DA:56,17
DA:58,14
DA:58,14
FN:66,RuleEngineOperation.addRuleOperation
FNDA:68,RuleEngineOperation.addRuleOperation
DA:69,68
DA:69,68
DA:70,66
DA:70,66
FN:83,RuleEngineOperation.removeRuleOperation
FNDA:5,RuleEngineOperation.removeRuleOperation
DA:87,5
DA:87,5
FN:100,RuleEngineOperation._removeRuleOperation
FNDA:22,RuleEngineOperation._removeRuleOperation
DA:101,22
DA:101,22
DA:102,21
DA:102,21
FN:108,RuleEngineOperation.rulesCountOperation
FNDA:41,RuleEngineOperation.rulesCountOperation
DA:109,41
DA:109,41
FN:116,RuleEngineOperation.getRuleIndexOperation
FNDA:3,RuleEngineOperation.getRuleIndexOperation
DA:119,3
DA:119,3
DA:119,3
FN:127,RuleEngineOperation.ruleOperation
FNDA:1,RuleEngineOperation.ruleOperation
DA:130,1
DA:130,1
FN:137,RuleEngineOperation.rulesOperation
FNDA:5,RuleEngineOperation.rulesOperation
DA:143,5
DA:143,5
FN:152,RuleEngineOperation._operateOnTransfer
FNDA:41,RuleEngineOperation._operateOnTransfer
DA:157,41
DA:157,41
DA:158,41
DA:158,41
DA:158,57
DA:158,16
DA:159,33
DA:159,33
DA:159,33
DA:164,33
DA:164,33
BRDA:164,1,0,17
BRDA:164,1,1,16
DA:165,17
DA:165,17
DA:168,24
DA:168,24
FNF:11
FNH:11
LF:25
LH:25
BRF:4
BRH:4
end_of_record
TN:
SF:src/modules/RuleEngineValidation.sol
FN:29,RuleEngineValidation.detectTransferRestrictionValidation
FNDA:3,RuleEngineValidation.detectTransferRestrictionValidation
DA:34,82
DA:34,82
DA:35,82
DA:35,82
DA:35,97
DA:35,15
DA:36,43
DA:36,43
DA:36,43
DA:38,43
DA:38,43
BRDA:38,0,0,28
BRDA:38,0,1,15
DA:39,28
DA:39,28
DA:43,54
DA:43,54
DA:43,54
FN:53,RuleEngineValidation.validateTransferValidation
FNDA:2,RuleEngineValidation.validateTransferValidation
DA:58,53
DA:58,53
DA:59,53
DA:59,53
DA:59,53
DA:60,53
DA:60,53
FNF:2
FNH:2
LF:9
LH:9
BRF:2
BRH:2
end_of_record
TN:
SF:src/modules/RuleEngineValidationCommon.sol
FN:27,RuleEngineValidationCommon.setRulesValidation
FNDA:22,RuleEngineValidationCommon.setRulesValidation
DA:30,21
DA:30,21
BRDA:30,0,0,20
BRDA:30,0,1,21
DA:31,20
DA:31,20
DA:33,21
DA:33,21
DA:34,18
DA:34,18
FN:41,RuleEngineValidationCommon.clearRulesValidation
FNDA:6,RuleEngineValidationCommon.clearRulesValidation
DA:42,5
DA:42,5
FN:49,RuleEngineValidationCommon._clearRulesValidation
FNDA:25,RuleEngineValidationCommon._clearRulesValidation
DA:50,25
DA:50,25
DA:52,25
DA:52,25
DA:52,53
DA:52,28
DA:55,28
DA:55,28
DA:57,28
DA:57,28
DA:59,25
DA:59,25
FN:67,RuleEngineValidationCommon.addRuleValidation
FNDA:115,RuleEngineValidationCommon.addRuleValidation
DA:70,114
DA:70,114
DA:71,112
DA:71,112
FN:84,RuleEngineValidationCommon.removeRuleValidation
FNDA:6,RuleEngineValidationCommon.removeRuleValidation
DA:88,5
DA:88,5
FN:101,RuleEngineValidationCommon._removeRuleValidation
FNDA:33,RuleEngineValidationCommon._removeRuleValidation
DA:102,33
DA:102,33
DA:103,32
DA:103,32
FN:109,RuleEngineValidationCommon.rulesCountValidation
FNDA:69,RuleEngineValidationCommon.rulesCountValidation
DA:110,69
DA:110,69
FN:117,RuleEngineValidationCommon.getRuleIndexValidation
FNDA:3,RuleEngineValidationCommon.getRuleIndexValidation
DA:120,3
DA:120,3
DA:120,3
FN:128,RuleEngineValidationCommon.ruleValidation
FNDA:1,RuleEngineValidationCommon.ruleValidation
DA:131,1
DA:131,1
FN:138,RuleEngineValidationCommon.rulesValidation
FNDA:5,RuleEngineValidationCommon.rulesValidation
DA:144,5
DA:144,5
FNF:10
FNH:10
LF:19
LH:19
BRF:2
BRH:2
end_of_record
TN:
SF:src/modules/RuleInternal.sol
FN:19,RuleInternal._setRules
FNDA:32,RuleInternal._setRules
DA:20,32
DA:20,32
BRDA:20,0,0,2
BRDA:20,0,1,30
DA:21,2
DA:21,2
DA:23,30
DA:23,30
DA:23,74
DA:24,48
DA:24,48
DA:24,48
DA:24,48
BRDA:24,1,0,2
BRDA:24,1,1,46
DA:25,2
DA:25,2
DA:27,46
BRDA:27,2,0,2
BRDA:27,2,1,44
DA:28,2
DA:28,2
DA:30,44
DA:30,44
DA:31,44
DA:31,44
DA:33,44
DA:33,44
FN:43,RuleInternal._addRule
FNDA:182,RuleInternal._addRule
DA:44,182
DA:44,182
DA:44,182
DA:44,182
BRDA:44,3,0,2
BRDA:44,3,1,180
DA:45,2
DA:45,2
DA:47,180
BRDA:47,4,0,2
BRDA:47,4,1,178
DA:48,2
DA:48,2
DA:50,178
DA:50,178
DA:51,178
DA:51,178
FN:64,RuleInternal._removeRule
FNDA:55,RuleInternal._removeRule
DA:69,55
DA:69,55
BRDA:69,5,0,2
BRDA:69,5,1,53
DA:70,2
DA:70,2
DA:72,53
DA:72,53
DA:72,53
BRDA:72,6,0,-
BRDA:72,6,1,4
DA:73,4
DA:73,4
DA:75,53
DA:75,53
DA:76,53
DA:76,53
DA:77,53
DA:77,53
FN:84,RuleInternal.getRuleIndex
FNDA:6,RuleInternal.getRuleIndex
DA:88,6
DA:88,6
DA:89,6
DA:89,6
DA:89,12
DA:90,10
DA:90,10
BRDA:90,7,0,4
BRDA:90,7,1,6
DA:91,4
DA:91,4
DA:94,6
DA:94,6
DA:97,2
DA:97,2
FNF:4
FNH:4
LF:29
LH:29
BRF:16
BRH:15
end_of_record
TN:
SF:src/rules/operation/RuleConditionalTransfer.sol
FN:55,RuleConditionalTransfer.createTransferRequest
FNDA:102,RuleConditionalTransfer.createTransferRequest
DA:59,105
DA:59,105
DA:59,105
DA:60,105
DA:60,105
DA:60,105
DA:61,105
DA:61,105
BRDA:61,0,0,1
BRDA:61,0,1,104
DA:62,1
DA:62,1
DA:64,104
DA:64,104
BRDA:64,1,0,-
BRDA:64,1,1,101
DA:65,101
DA:65,101
DA:66,101
DA:66,101
DA:66,101
DA:76,101
DA:76,101
DA:77,101
DA:77,101
DA:78,101
DA:78,101
DA:79,101
DA:79,101
DA:82,3
DA:82,3
DA:83,3
DA:83,3
DA:84,3
DA:84,3
FN:97,RuleConditionalTransfer.createTransferRequestBatch
FNDA:3,RuleConditionalTransfer.createTransferRequestBatch
DA:101,3
DA:101,3
BRDA:101,2,0,1
BRDA:101,2,1,2
DA:102,1
DA:102,1
DA:104,2
DA:104,2
BRDA:104,3,0,1
BRDA:104,3,1,1
DA:105,1
DA:105,1
DA:107,1
DA:107,1
DA:107,4
DA:107,3
DA:108,3
DA:108,3
FN:115,RuleConditionalTransfer.cancelTransferRequest
FNDA:6,RuleConditionalTransfer.cancelTransferRequest
DA:116,6
DA:116,6
FN:122,RuleConditionalTransfer.cancelTransferRequestBatch
FNDA:3,RuleConditionalTransfer.cancelTransferRequestBatch
DA:123,3
DA:123,3
BRDA:123,4,0,1
BRDA:123,4,1,2
DA:124,1
DA:124,1
DA:127,2
DA:127,2
DA:127,6
DA:127,4
DA:128,5
DA:128,5
DA:128,5
BRDA:128,5,0,1
BRDA:128,5,1,4
DA:129,1
DA:129,1
DA:132,1
DA:132,1
DA:132,4
DA:132,3
DA:133,3
DA:133,3
FN:137,RuleConditionalTransfer._cancelTransferRequest
FNDA:9,RuleConditionalTransfer._cancelTransferRequest
DA:138,9
DA:138,9
DA:138,9
BRDA:138,6,0,1
BRDA:138,6,1,8
DA:139,1
DA:139,1
DA:141,8
DA:141,8
DA:143,8
DA:143,8
DA:143,8
BRDA:143,7,0,1
BRDA:143,7,1,7
DA:144,1
DA:144,1
DA:148,7
DA:148,7
DA:148,7
DA:149,2
DA:149,2
BRDA:147,8,0,1
BRDA:147,8,1,6
DA:151,1
DA:151,1
DA:153,6
DA:153,6
FN:156,RuleConditionalTransfer.getRequestTrade
FNDA:57,RuleConditionalTransfer.getRequestTrade
DA:161,57
DA:161,57
DA:161,57
DA:162,57
DA:162,57
FN:170,RuleConditionalTransfer.getRequestByStatus
FNDA:35,RuleConditionalTransfer.getRequestByStatus
DA:173,35
DA:173,35
DA:174,35
DA:174,35
DA:175,35
DA:175,35
DA:178,35
DA:178,35
DA:178,73
DA:178,38
DA:179,38
DA:179,38
BRDA:179,9,0,36
BRDA:179,9,1,38
DA:180,36
DA:180,36
DA:185,35
DA:185,35
DA:185,35
DA:188,35
DA:188,35
DA:188,73
DA:188,38
DA:189,38
DA:189,38
BRDA:189,10,0,-
BRDA:189,10,1,36
DA:191,36
DA:191,36
DA:194,36
DA:194,36
DA:195,36
DA:195,36
DA:198,35
DA:198,35
FN:205,RuleConditionalTransfer.operateOnTransfer
FNDA:33,RuleConditionalTransfer.operateOnTransfer
DA:216,33
DA:216,33
DA:216,33
DA:216,33
BRDA:216,11,0,2
BRDA:216,11,1,16
DA:218,18
DA:218,18
DA:218,18
DA:219,3
DA:219,3
BRDA:217,12,0,2
BRDA:217,12,1,16
DA:221,2
DA:221,2
DA:226,31
DA:226,31
BRDA:226,13,0,4
BRDA:226,13,1,27
DA:227,4
DA:227,4
DA:229,27
DA:229,27
DA:229,27
DA:230,27
DA:230,27
BRDA:230,14,0,10
BRDA:230,14,1,17
DA:231,10
DA:231,10
DA:232,10
DA:232,10
DA:234,17
DA:234,17
FN:244,RuleConditionalTransfer.detectTransferRestriction
FNDA:11,RuleConditionalTransfer.detectTransferRestriction
DA:250,11
DA:250,11
DA:250,11
DA:250,11
BRDA:250,15,0,-
BRDA:250,15,1,1
DA:252,3
DA:252,3
DA:252,3
DA:253,2
DA:253,2
BRDA:251,16,0,-
BRDA:251,16,1,1
DA:255,1
DA:255,1
DA:255,1
DA:258,10
DA:258,10
DA:258,10
DA:259,10
DA:259,10
DA:259,10
DA:259,10
BRDA:259,17,0,8
BRDA:259,17,1,2
DA:260,8
DA:260,8
DA:262,2
DA:262,2
DA:262,2
FN:271,RuleConditionalTransfer.canReturnTransferRestrictionCode
FNDA:2,RuleConditionalTransfer.canReturnTransferRestrictionCode
DA:274,2
DA:274,2
DA:274,2
FN:282,RuleConditionalTransfer.messageForTransferRestriction
FNDA:3,RuleConditionalTransfer.messageForTransferRestriction
DA:285,3
DA:285,3
BRDA:285,18,0,2
BRDA:285,18,1,1
DA:286,2
DA:286,2
DA:288,1
DA:288,1
FN:299,RuleConditionalTransfer._validateBurnMint
FNDA:41,RuleConditionalTransfer._validateBurnMint
DA:305,41
DA:305,41
BRDA:304,19,0,4
BRDA:304,19,1,37
DA:310,4
DA:310,4
DA:312,37
DA:312,37
FN:321,RuleConditionalTransfer._validateApproval
FNDA:37,RuleConditionalTransfer._validateApproval
DA:324,37
DA:324,37
DA:324,37
DA:330,37
DA:330,37
DA:330,37
DA:333,37
DA:333,37
BRDA:333,20,0,12
BRDA:333,20,1,25
DA:334,12
DA:334,12
DA:336,25
DA:336,25
FN:343,RuleConditionalTransfer._msgSender
FNDA:452,RuleConditionalTransfer._msgSender
DA:349,452
DA:349,452
DA:349,452
FN:355,RuleConditionalTransfer._msgData
FNDA:0,RuleConditionalTransfer._msgData
DA:361,0
DA:361,0
DA:361,0
FN:367,RuleConditionalTransfer._contextSuffixLength
FNDA:452,RuleConditionalTransfer._contextSuffixLength
DA:373,452
DA:373,452
DA:373,452
FNF:16
FNH:15
LF:86
LH:85
BRF:42
BRH:38
end_of_record
TN:
SF:src/rules/operation/abstract/RuleConditionalTransferOperator.sol
FN:29,RuleConditionalTransferOperator.setConditionalWhitelist
FNDA:25,RuleConditionalTransferOperator.setConditionalWhitelist
DA:32,25
DA:32,25
DA:33,25
DA:33,25
FN:39,RuleConditionalTransferOperator.setIssuanceOptions
FNDA:5,RuleConditionalTransferOperator.setIssuanceOptions
DA:43,4
DA:43,4
BRDA:42,0,0,2
BRDA:42,0,1,4
DA:46,2
DA:46,2
DA:50,4
DA:50,4
BRDA:49,1,0,2
BRDA:49,1,1,4
DA:53,2
DA:53,2
FN:63,RuleConditionalTransferOperator.setAutomaticTransfer
FNDA:3,RuleConditionalTransferOperator.setAutomaticTransfer
DA:67,2
DA:67,2
BRDA:66,2,0,2
BRDA:66,2,1,2
DA:70,2
DA:70,2
DA:75,2
DA:75,2
DA:75,2
DA:76,2
DA:76,2
BRDA:74,3,0,2
BRDA:74,3,1,2
DA:78,2
DA:78,2
FN:87,RuleConditionalTransferOperator.setTimeLimit
FNDA:4,RuleConditionalTransferOperator.setTimeLimit
DA:91,3
DA:91,3
BRDA:90,4,0,3
BRDA:90,4,1,3
DA:94,3
DA:94,3
DA:98,3
DA:98,3
BRDA:97,5,0,3
BRDA:97,5,1,3
DA:101,3
DA:101,3
FN:111,RuleConditionalTransferOperator.setAutomaticApproval
FNDA:5,RuleConditionalTransferOperator.setAutomaticApproval
DA:115,4
DA:115,4
BRDA:114,6,0,4
BRDA:114,6,1,4
DA:118,4
DA:118,4
DA:122,4
DA:122,4
BRDA:121,7,0,4
BRDA:121,7,1,4
DA:125,4
DA:125,4
FN:135,RuleConditionalTransferOperator.createTransferRequestWithApproval
FNDA:6,RuleConditionalTransferOperator.createTransferRequestWithApproval
DA:138,5
DA:138,5
FN:147,RuleConditionalTransferOperator.approveTransferRequest
FNDA:33,RuleConditionalTransferOperator.approveTransferRequest
DA:152,32
DA:152,32
FN:158,RuleConditionalTransferOperator.approveTransferRequestWithId
FNDA:5,RuleConditionalTransferOperator.approveTransferRequestWithId
DA:162,4
DA:162,4
DA:162,4
BRDA:162,8,0,2
BRDA:162,8,1,2
DA:163,2
DA:163,2
DA:165,2
DA:165,2
DA:168,2
DA:168,2
FN:174,RuleConditionalTransferOperator.resetRequestStatus
FNDA:3,RuleConditionalTransferOperator.resetRequestStatus
DA:177,2
DA:177,2
DA:177,2
BRDA:177,9,0,1
BRDA:177,9,1,1
DA:178,1
DA:178,1
DA:180,1
DA:180,1
DA:181,1
DA:181,1
FN:188,RuleConditionalTransferOperator.approveTransferRequestBatchWithId
FNDA:7,RuleConditionalTransferOperator.approveTransferRequestBatchWithId
DA:192,5
DA:192,5
BRDA:192,10,0,1
BRDA:192,10,1,4
DA:193,1
DA:193,1
DA:195,4
DA:195,4
BRDA:195,11,0,1
BRDA:195,11,1,3
DA:196,1
DA:196,1
DA:199,3
DA:199,3
DA:199,13
DA:199,10
DA:200,11
DA:200,11
DA:200,11
BRDA:200,12,0,1
BRDA:200,12,1,10
DA:201,1
DA:201,1
DA:204,2
DA:204,2
DA:204,6
DA:204,4
DA:205,5
DA:205,5
DA:208,5
DA:208,5
FN:215,RuleConditionalTransferOperator.approveTransferRequestBatch
FNDA:7,RuleConditionalTransferOperator.approveTransferRequestBatch
DA:220,6
DA:220,6
BRDA:220,13,0,1
BRDA:220,13,1,5
DA:221,1
DA:221,1
DA:224,5
DA:224,5
BRDA:223,14,0,3
BRDA:223,14,1,2
DA:227,3
DA:227,3
DA:229,2
DA:229,2
DA:229,11
DA:229,9
DA:230,9
DA:230,9
FN:241,RuleConditionalTransferOperator.createTransferRequestWithApprovalBatch
FNDA:3,RuleConditionalTransferOperator.createTransferRequestWithApprovalBatch
DA:244,2
DA:244,2
BRDA:244,15,0,1
BRDA:244,15,1,1
DA:245,1
DA:245,1
DA:247,1
DA:247,1
DA:247,5
DA:247,4
DA:248,4
DA:248,4
FN:255,RuleConditionalTransferOperator.resetRequestStatusBatch
FNDA:3,RuleConditionalTransferOperator.resetRequestStatusBatch
DA:258,3
DA:258,3
BRDA:258,16,0,1
BRDA:258,16,1,2
DA:259,1
DA:259,1
DA:262,2
DA:262,2
DA:262,5
DA:262,3
DA:263,4
DA:263,4
DA:263,4
BRDA:263,17,0,1
BRDA:263,17,1,3
DA:264,1
DA:264,1
DA:267,1
DA:267,1
DA:267,4
DA:267,3
DA:268,3
DA:268,3
DA:269,3
DA:269,3
FN:274,RuleConditionalTransferOperator._approveTransferRequestKeyElement
FNDA:41,RuleConditionalTransferOperator._approveTransferRequestKeyElement
DA:279,41
DA:279,41
BRDA:279,18,0,1
BRDA:279,18,1,40
DA:280,1
DA:280,1
DA:282,40
DA:282,40
DA:282,40
DA:285,40
DA:285,40
DA:286,40
DA:286,40
BRDA:286,19,0,1
BRDA:286,19,1,6
DA:287,7
DA:287,7
BRDA:287,20,0,1
BRDA:287,20,1,6
DA:288,1
DA:288,1
DA:291,6
DA:291,6
DA:293,6
DA:293,6
DA:301,33
DA:301,33
FN:305,RuleConditionalTransferOperator._createTransferRequestWithApproval
FNDA:0,RuleConditionalTransferOperator._createTransferRequestWithApproval
DA:311,15
DA:311,15
DA:311,15
DA:314,15
DA:314,15
BRDA:314,21,0,-
BRDA:314,21,1,14
DA:315,14
DA:315,14
DA:315,14
DA:326,14
DA:326,14
DA:327,14
DA:327,14
DA:328,14
DA:328,14
DA:335,14
DA:335,14
DA:338,1
DA:338,1
DA:341,1
DA:341,1
DA:342,1
DA:342,1
FN:352,RuleConditionalTransferOperator._resetRequestStatus
FNDA:10,RuleConditionalTransferOperator._resetRequestStatus
DA:353,10
DA:353,10
DA:354,10
DA:354,10
FN:363,RuleConditionalTransferOperator._checkRequestStatus
FNDA:119,RuleConditionalTransferOperator._checkRequestStatus
DA:365,119
DA:365,119
DA:366,119
DA:366,119
FN:370,RuleConditionalTransferOperator._approveRequest
FNDA:46,RuleConditionalTransferOperator._approveRequest
DA:375,46
DA:375,46
BRDA:375,22,0,1
BRDA:375,22,1,45
DA:376,1
DA:376,1
DA:378,45
BRDA:378,23,0,2
BRDA:378,23,1,2
DA:381,27
DA:381,27
BRDA:380,24,0,3
BRDA:380,24,1,24
DA:384,3
DA:384,3
DA:387,24
DA:387,24
DA:389,24
DA:389,24
DA:392,24
DA:392,24
DA:400,24
DA:400,24
DA:401,2
DA:401,2
DA:401,2
DA:401,2
BRDA:399,25,0,2
BRDA:399,25,1,2
DA:406,2
DA:406,2
DA:406,2
BRDA:405,26,0,2
BRDA:405,26,1,2
DA:412,2
DA:412,2
DA:420,18
DA:420,18
DA:421,18
DA:421,18
FN:434,RuleConditionalTransferOperator._updateProcessedTransfer
FNDA:10,RuleConditionalTransferOperator._updateProcessedTransfer
DA:436,10
DA:436,10
DA:437,10
DA:437,10
DA:439,10
DA:439,10
DA:441,10
DA:441,10
FNF:19
FNH:18
LF:99
LH:99
BRF:54
BRH:53
end_of_record
TN:
SF:src/rules/validation/RuleBlacklist.sol
FN:33,RuleBlacklist.detectTransferRestriction
FNDA:10,RuleBlacklist.detectTransferRestriction
DA:38,10
DA:38,10
BRDA:38,0,0,5
BRDA:38,0,1,5
DA:39,5
DA:39,5
DA:40,5
DA:40,5
BRDA:40,1,0,2
BRDA:40,1,1,3
DA:41,2
DA:41,2
DA:43,3
DA:43,3
DA:43,3
FN:52,RuleBlacklist.canReturnTransferRestrictionCode
FNDA:4,RuleBlacklist.canReturnTransferRestrictionCode
DA:55,4
DA:55,4
DA:56,4
DA:56,4
DA:56,4
DA:57,2
DA:57,2
FN:65,RuleBlacklist.messageForTransferRestriction
FNDA:4,RuleBlacklist.messageForTransferRestriction
DA:68,4
DA:68,4
BRDA:68,2,0,2
BRDA:68,2,1,2
DA:69,2
DA:69,2
DA:70,2
DA:70,2
BRDA:70,3,0,1
BRDA:70,3,1,1
DA:71,1
DA:71,1
DA:73,1
DA:73,1
FNF:3
FNH:3
LF:13
LH:13
BRF:8
BRH:8
end_of_record
TN:
SF:src/rules/validation/RuleSanctionList.sol
FN:42,RuleSanctionList.setSanctionListOracle
FNDA:10,RuleSanctionList.setSanctionListOracle
DA:45,9
DA:45,9
FN:54,RuleSanctionList.detectTransferRestriction
FNDA:7,RuleSanctionList.detectTransferRestriction
DA:59,7
DA:59,7
DA:59,7
DA:59,7
BRDA:59,0,0,2
BRDA:59,0,1,3
DA:60,7
DA:60,7
BRDA:60,1,0,2
BRDA:60,1,1,5
DA:61,2
DA:61,2
DA:62,5
DA:62,5
BRDA:62,2,0,2
BRDA:62,2,1,3
DA:63,2
DA:63,2
DA:66,3
DA:66,3
DA:66,3
FN:74,RuleSanctionList.canReturnTransferRestrictionCode
FNDA:3,RuleSanctionList.canReturnTransferRestrictionCode
DA:77,3
DA:77,3
DA:78,3
DA:78,3
DA:78,3
DA:79,2
DA:79,2
FN:87,RuleSanctionList.messageForTransferRestriction
FNDA:3,RuleSanctionList.messageForTransferRestriction
DA:90,3
DA:90,3
BRDA:90,3,0,1
BRDA:90,3,1,2
DA:91,1
DA:91,1
DA:92,2
DA:92,2
BRDA:92,4,0,1
BRDA:92,4,1,1
DA:93,1
DA:93,1
DA:95,1
DA:95,1
FN:102,RuleSanctionList._msgSender
FNDA:10,RuleSanctionList._msgSender
DA:108,10
DA:108,10
DA:108,10
FN:114,RuleSanctionList._msgData
FNDA:0,RuleSanctionList._msgData
DA:120,0
DA:120,0
DA:120,0
FN:126,RuleSanctionList._contextSuffixLength
FNDA:10,RuleSanctionList._contextSuffixLength
DA:132,10
DA:132,10
DA:132,10
FNF:7
FNH:6
LF:18
LH:17
BRF:10
BRH:10
end_of_record
TN:
SF:src/rules/validation/RuleWhitelist.sol
FN:33,RuleWhitelist.detectTransferRestriction
FNDA:28,RuleWhitelist.detectTransferRestriction
DA:38,28
DA:38,28
BRDA:38,0,0,13
BRDA:38,0,1,15
DA:39,13
DA:39,13
DA:40,15
DA:40,15
BRDA:40,1,0,5
BRDA:40,1,1,10
DA:41,5
DA:41,5
DA:43,10
DA:43,10
DA:43,10
FN:52,RuleWhitelist.canReturnTransferRestrictionCode
FNDA:8,RuleWhitelist.canReturnTransferRestrictionCode
DA:55,8
DA:55,8
DA:56,8
DA:56,8
DA:56,8
DA:57,4
DA:57,4
FN:65,RuleWhitelist.messageForTransferRestriction
FNDA:7,RuleWhitelist.messageForTransferRestriction
DA:68,7
DA:68,7
BRDA:68,2,0,4
BRDA:68,2,1,3
DA:69,4
DA:69,4
DA:70,3
DA:70,3
BRDA:70,3,0,2
BRDA:70,3,1,1
DA:71,2
DA:71,2
DA:73,1
DA:73,1
FNF:3
FNH:3
LF:13
LH:13
BRF:8
BRH:8
end_of_record
TN:
SF:src/rules/validation/RuleWhitelistWrapper.sol
FN:42,RuleWhitelistWrapper.detectTransferRestriction
FNDA:11,RuleWhitelistWrapper.detectTransferRestriction
DA:47,11
DA:47,11
DA:47,11
DA:48,11
DA:48,11
DA:48,11
DA:49,11
DA:49,11
DA:49,11
DA:50,11
DA:50,11
DA:51,11
DA:51,11
DA:52,11
DA:52,11
DA:54,11
DA:54,11
DA:54,44
DA:54,33
DA:56,33
DA:56,33
DA:58,33
DA:58,33
DA:58,8
BRDA:58,0,0,-
BRDA:58,0,1,7
DA:60,7
DA:60,7
DA:62,33
DA:62,33
DA:62,8
BRDA:62,1,0,-
BRDA:62,1,1,7
DA:64,7
DA:64,7
DA:67,11
DA:67,11
BRDA:67,2,0,4
BRDA:67,2,1,7
DA:68,4
DA:68,4
DA:69,7
DA:69,7
BRDA:69,3,0,2
BRDA:69,3,1,5
DA:70,2
DA:70,2
DA:72,5
DA:72,5
DA:72,5
FN:81,RuleWhitelistWrapper.canReturnTransferRestrictionCode
FNDA:4,RuleWhitelistWrapper.canReturnTransferRestrictionCode
DA:84,4
DA:84,4
DA:85,4
DA:85,4
DA:85,4
DA:86,2
DA:86,2
FN:94,RuleWhitelistWrapper.messageForTransferRestriction
FNDA:3,RuleWhitelistWrapper.messageForTransferRestriction
DA:97,3
DA:97,3
BRDA:97,4,0,2
BRDA:97,4,1,1
DA:98,2
DA:98,2
DA:99,1
DA:99,1
BRDA:99,5,0,1
BRDA:99,5,1,-
DA:100,1
DA:100,1
DA:102,0
DA:102,0
FN:109,RuleWhitelistWrapper._msgSender
FNDA:36,RuleWhitelistWrapper._msgSender
DA:115,36
DA:115,36
DA:115,36
FN:121,RuleWhitelistWrapper._msgData
FNDA:0,RuleWhitelistWrapper._msgData
DA:127,0
DA:127,0
DA:127,0
FN:133,RuleWhitelistWrapper._contextSuffixLength
FNDA:36,RuleWhitelistWrapper._contextSuffixLength
DA:139,36
DA:139,36
DA:139,36
FNF:6
FNH:5
LF:28
LH:26
BRF:12
BRH:9
end_of_record
TN:
SF:src/rules/validation/abstract/RuleAddressList/RuleAddressList.sol
FN:43,RuleAddressList.addAddressesToTheList
FNDA:17,RuleAddressList.addAddressesToTheList
DA:46,16
DA:46,16
FN:55,RuleAddressList.removeAddressesFromTheList
FNDA:4,RuleAddressList.removeAddressesFromTheList
DA:58,3
DA:58,3
FN:66,RuleAddressList.addAddressToTheList
FNDA:52,RuleAddressList.addAddressToTheList
DA:69,51
DA:69,51
FN:78,RuleAddressList.removeAddressFromTheList
FNDA:3,RuleAddressList.removeAddressFromTheList
DA:81,2
DA:81,2
FN:89,RuleAddressList.numberListedAddress
FNDA:24,RuleAddressList.numberListedAddress
DA:90,24
DA:90,24
DA:90,24
FN:99,RuleAddressList.addressIsListed
FNDA:86,RuleAddressList.addressIsListed
DA:102,144
DA:102,144
DA:102,144
FN:109,RuleAddressList.addressIsListedBatch
FNDA:36,RuleAddressList.addressIsListedBatch
DA:112,36
DA:112,36
DA:112,36
DA:113,36
DA:113,36
DA:113,107
DA:113,71
DA:114,71
DA:114,71
DA:116,36
DA:116,36
FN:122,RuleAddressList._msgSender
FNDA:86,RuleAddressList._msgSender
DA:128,86
DA:128,86
DA:128,86
FN:134,RuleAddressList._msgData
FNDA:0,RuleAddressList._msgData
DA:140,0
DA:140,0
DA:140,0
FN:146,RuleAddressList._contextSuffixLength
FNDA:86,RuleAddressList._contextSuffixLength
DA:152,86
DA:152,86
DA:152,86
FNF:10
FNH:9
LF:13
LH:12
BRF:0
BRH:0
end_of_record
TN:
SF:src/rules/validation/abstract/RuleAddressList/RuleAddressListInternal.sol
FN:22,RuleAddressListInternal._addAddressesToThelist
FNDA:16,RuleAddressListInternal._addAddressesToThelist
DA:23,16
DA:23,16
DA:24,16
DA:24,16
DA:24,50
DA:24,34
DA:25,34
DA:25,34
BRDA:25,0,0,-
BRDA:25,0,1,32
DA:26,32
DA:26,32
DA:27,32
DA:27,32
DA:30,16
DA:30,16
FN:39,RuleAddressListInternal._removeAddressesFromThelist
FNDA:3,RuleAddressListInternal._removeAddressesFromThelist
DA:42,3
DA:42,3
DA:43,3
DA:43,3
DA:43,10
DA:43,7
DA:44,7
BRDA:44,1,0,-
BRDA:44,1,1,6
DA:45,6
DA:45,6
DA:46,6
DA:46,6
DA:49,3
DA:49,3
FN:57,RuleAddressListInternal._addAddressToThelist
FNDA:51,RuleAddressListInternal._addAddressToThelist
DA:58,51
BRDA:58,2,0,1
BRDA:58,2,1,50
DA:59,1
DA:59,1
DA:61,50
DA:61,50
DA:62,50
DA:62,50
FN:71,RuleAddressListInternal._removeAddressFromThelist
FNDA:2,RuleAddressListInternal._removeAddressFromThelist
DA:72,2
DA:72,2
BRDA:72,3,0,1
BRDA:72,3,1,1
DA:73,1
DA:73,1
DA:75,1
DA:75,1
DA:76,1
DA:76,1
FN:84,RuleAddressListInternal._numberListedAddress
FNDA:24,RuleAddressListInternal._numberListedAddress
DA:85,24
DA:85,24
FN:94,RuleAddressListInternal._addressIsListed
FNDA:215,RuleAddressListInternal._addressIsListed
DA:97,215
DA:97,215
FNF:6
FNH:6
LF:22
LH:22
BRF:8
BRH:6
end_of_record
TN:
SF:src/rules/validation/abstract/RuleValidateTransfer.sol
FN:15,RuleValidateTransfer.validateTransfer
FNDA:7,RuleValidateTransfer.validateTransfer
DA:21,7
DA:21,7
DA:22,7
DA:22,7
DA:22,7
DA:23,7
DA:23,7
FNF:1
FNH:1
LF:3
LH:3
BRF:0
BRH:0
end_of_record
TN:
SF:test/utils/SanctionListOracle.sol
FN:13,SanctionListOracle.addToSanctionsList
FNDA:10,SanctionListOracle.addToSanctionsList
DA:14,10
DA:14,10
FN:17,SanctionListOracle.removeFromSanctionsList
FNDA:0,SanctionListOracle.removeFromSanctionsList
DA:18,0
DA:18,0
FN:21,SanctionListOracle.isSanctioned
FNDA:12,SanctionListOracle.isSanctioned
DA:22,12
DA:22,12
DA:22,12
FNF:3
FNH:2
LF:3
LH:2
BRF:0
BRH:0
end_of_record
