TN:
SF:script/CMTATWithRuleEngine.s.sol
FN:14,MyScript.run
FNDA:0,MyScript.run
DA:16,0
DA:17,0
DA:18,0
DA:19,0
DA:22,0
DA:23,0
DA:24,0
DA:32,0
DA:33,0
DA:35,0
DA:36,0
DA:37,0
DA:38,0
DA:40,0
FNF:1
FNH:0
LF:14
LH:0
BRF:0
BRH:0
end_of_record
TN:
SF:script/RuleEngine.s.sol
FN:14,MyScript.run
FNDA:0,MyScript.run
DA:16,0
DA:17,0
DA:18,0
DA:20,0
DA:21,0
DA:23,0
DA:24,0
DA:25,0
DA:27,0
DA:30,0
BRDA:30,0,0,-
BRDA:30,0,1,-
DA:31,0
FNF:1
FNH:0
LF:11
LH:0
BRF:2
BRH:0
end_of_record
TN:
SF:src/RuleEngine.sol
FN:27,RuleEngine.setRules
FNDA:8,RuleEngine.setRules
DA:30,7
BRDA:30,0,0,1
BRDA:30,0,1,6
DA:31,6
DA:32,11
BRDA:32,1,0,1
BRDA:32,1,1,10
DA:36,10
DA:38,5
FN:45,RuleEngine.clearRules
FNDA:3,RuleEngine.clearRules
DA:46,2
FN:54,RuleEngine.addRule
FNDA:7,RuleEngine.addRule
DA:55,6
BRDA:55,2,0,1
BRDA:55,2,1,5
DA:59,5
FN:69,RuleEngine.removeRule
FNDA:7,RuleEngine.removeRule
DA:70,6
DA:71,7
BRDA:71,3,0,-
BRDA:71,3,1,4
DA:72,4
BRDA:72,4,0,-
BRDA:72,4,1,2
DA:73,2
DA:75,4
DA:76,4
DA:78,3
FN:82,RuleEngine.ruleLength
FNDA:20,RuleEngine.ruleLength
DA:83,20
FN:86,RuleEngine.rule
FNDA:1,RuleEngine.rule
DA:87,1
FN:90,RuleEngine.rules
FNDA:2,RuleEngine.rules
DA:91,2
FN:94,RuleEngine.detectTransferRestriction
FNDA:7,RuleEngine.detectTransferRestriction
DA:99,17
DA:100,17
DA:105,17
BRDA:105,5,0,12
BRDA:105,5,1,5
DA:106,12
DA:108,5
DA:110,5
FN:113,RuleEngine.validateTransfer
FNDA:10,RuleEngine.validateTransfer
DA:118,10
FN:121,RuleEngine.messageForTransferRestriction
FNDA:6,RuleEngine.messageForTransferRestriction
DA:124,6
DA:125,5
BRDA:125,6,0,-
BRDA:125,6,1,4
DA:126,4
DA:129,1
DA:131,2
FN:139,RuleEngine.kill
FNDA:1,RuleEngine.kill
DA:140,0
FNF:11
FNH:11
LF:31
LH:30
BRF:14
BRH:11
end_of_record
TN:
SF:src/RuleWhiteList.sol
FN:34,RuleWhitelist.addAddressesToTheWhitelist
FNDA:13,RuleWhitelist.addAddressesToTheWhitelist
DA:37,12
DA:38,26
BRDA:38,0,0,-
BRDA:38,0,1,24
DA:39,24
DA:40,24
DA:42,26
FN:50,RuleWhitelist.removeAddressesFromTheWhitelist
FNDA:4,RuleWhitelist.removeAddressesFromTheWhitelist
DA:53,3
DA:54,7
BRDA:54,1,0,-
BRDA:54,1,1,6
DA:55,6
DA:56,6
DA:58,7
FN:66,RuleWhitelist.addAddressToTheWhitelist
FNDA:22,RuleWhitelist.addAddressToTheWhitelist
DA:69,21
BRDA:69,2,0,1
BRDA:69,2,1,20
DA:73,20
BRDA:73,3,0,20
BRDA:73,3,1,20
DA:74,20
DA:75,20
FN:84,RuleWhitelist.removeAddressFromTheWhitelist
FNDA:3,RuleWhitelist.removeAddressFromTheWhitelist
DA:87,2
BRDA:87,4,0,1
BRDA:87,4,1,1
DA:91,1
BRDA:91,5,0,1
BRDA:91,5,1,1
DA:92,1
DA:93,1
FN:102,RuleWhitelist.numberWhitelistedAddress
FNDA:20,RuleWhitelist.numberWhitelistedAddress
DA:103,20
FN:112,RuleWhitelist.addressIsWhitelisted
FNDA:50,RuleWhitelist.addressIsWhitelisted
DA:115,50
FN:118,RuleWhitelist.validateTransfer
FNDA:2,RuleWhitelist.validateTransfer
DA:123,2
FN:126,RuleWhitelist.detectTransferRestriction
FNDA:20,RuleWhitelist.detectTransferRestriction
DA:131,22
BRDA:131,6,0,10
BRDA:131,6,1,12
DA:132,10
DA:134,12
BRDA:134,7,0,4
BRDA:134,7,1,8
DA:135,4
DA:138,8
FN:141,RuleWhitelist.canReturnTransferRestrictionCode
FNDA:8,RuleWhitelist.canReturnTransferRestrictionCode
DA:145,8
BRDA:144,8,0,6
BRDA:144,8,1,2
DA:148,6
DA:150,2
FN:153,RuleWhitelist.messageForTransferRestriction
FNDA:7,RuleWhitelist.messageForTransferRestriction
DA:156,7
BRDA:156,9,0,4
BRDA:156,9,1,3
DA:157,4
DA:158,3
BRDA:158,10,0,2
BRDA:158,10,1,1
DA:159,2
DA:161,1
FN:171,RuleWhitelist.kill
FNDA:1,RuleWhitelist.kill
DA:172,0
FNF:11
FNH:11
LF:35
LH:34
BRF:22
BRH:20
end_of_record
